This is pdfTeX, Version 3.141592653-2.6-1.40.27 (TeX Live 2025) (preloaded format=pdflatex 2025.11.9)  15 DEC 2025 18:20
entering extended mode
 restricted \write18 enabled.
 %&-line parsing enabled.
**EPLO-elsarticle.tex
(./EPLO-elsarticle.tex
LaTeX2e <2024-11-01> patch level 2
L3 programming layer <2025-01-18>
(e:/Application/texlive/2025/texmf-dist/tex/latex/elsarticle/elsarticle.cls
Document Class: elsarticle 2025/01/11, 3.4c: Elsevier Ltd
(e:/Application/texlive/2025/texmf-dist/tex/latex/base/fontenc.sty
Package: fontenc 2021/04/29 v2.0v Standard LaTeX package
)
(e:/Application/texlive/2025/texmf-dist/tex/latex/l3kernel/expl3.sty
Package: expl3 2025-01-18 L3 programming layer (loader) 

(e:/Application/texlive/2025/texmf-dist/tex/latex/l3backend/l3backend-pdftex.de
f
File: l3backend-pdftex.def 2024-05-08 L3 backend support: PDF output (pdfTeX)
\l__color_backend_stack_int=\count196
\l__pdf_internal_box=\box52
))
(e:/Application/texlive/2025/texmf-dist/tex/latex/l3packages/xparse/xparse.sty
Package: xparse 2024-08-16 L3 Experimental document command parser
) (e:/Application/texlive/2025/texmf-dist/tex/latex/etoolbox/etoolbox.sty
Package: etoolbox 2025/02/11 v2.5l e-TeX tools for LaTeX (JAW)
\etb@tempcnta=\count197
)
\@bls=\dimen141

(e:/Application/texlive/2025/texmf-dist/tex/latex/base/article.cls
Document Class: article 2024/06/29 v1.4n Standard LaTeX document class
(e:/Application/texlive/2025/texmf-dist/tex/latex/base/size10.clo
File: size10.clo 2024/06/29 v1.4n Standard LaTeX file (size option)
)
\c@part=\count198
\c@section=\count199
\c@subsection=\count266
\c@subsubsection=\count267
\c@paragraph=\count268
\c@subparagraph=\count269
\c@figure=\count270
\c@table=\count271
\abovecaptionskip=\skip49
\belowcaptionskip=\skip50
\bibindent=\dimen142
)
(e:/Application/texlive/2025/texmf-dist/tex/latex/graphics/graphicx.sty
Package: graphicx 2021/09/16 v1.2d Enhanced LaTeX Graphics (DPC,SPQR)

(e:/Application/texlive/2025/texmf-dist/tex/latex/graphics/keyval.sty
Package: keyval 2022/05/29 v1.15 key=value parser (DPC)
\KV@toks@=\toks17
)
(e:/Application/texlive/2025/texmf-dist/tex/latex/graphics/graphics.sty
Package: graphics 2024/08/06 v1.4g Standard LaTeX Graphics (DPC,SPQR)

(e:/Application/texlive/2025/texmf-dist/tex/latex/graphics/trig.sty
Package: trig 2023/12/02 v1.11 sin cos tan (DPC)
)
(e:/Application/texlive/2025/texmf-dist/tex/latex/graphics-cfg/graphics.cfg
File: graphics.cfg 2016/06/04 v1.11 sample graphics configuration
)
Package graphics Info: Driver file: pdftex.def on input line 106.

(e:/Application/texlive/2025/texmf-dist/tex/latex/graphics-def/pdftex.def
File: pdftex.def 2024/04/13 v1.2c Graphics/color driver for pdftex
))
\Gin@req@height=\dimen143
\Gin@req@width=\dimen144
)
\c@tnote=\count272
\c@fnote=\count273
\c@cnote=\count274
\c@ead=\count275
\c@elsarticle@author=\count276
\@eadauthor=\toks18
\c@affn=\count277
\absbox=\box53
\elsarticlehighlightsbox=\box54
\elsarticlegrabsbox=\box55
\keybox=\box56
\Columnwidth=\dimen145
\space@left=\dimen146
\els@boxa=\box57
\els@boxb=\box58
\leftMargin=\dimen147
\@enLab=\toks19
\@sep=\skip51
\@@sep=\skip52

(./EPLO-elsarticle.spl)
(e:/Application/texlive/2025/texmf-dist/tex/latex/natbib/natbib.sty
Package: natbib 2010/09/13 8.31b (PWD, AO)
\bibhang=\skip53
\bibsep=\skip54
LaTeX Info: Redefining \cite on input line 694.
\c@NAT@ctr=\count278
)
\splwrite=\write3
\openout3 = `EPLO-elsarticle.spl'.


(e:/Application/texlive/2025/texmf-dist/tex/latex/geometry/geometry.sty
Package: geometry 2020/01/02 v5.9 Page Geometry

(e:/Application/texlive/2025/texmf-dist/tex/generic/iftex/ifvtex.sty
Package: ifvtex 2019/10/25 v1.7 ifvtex legacy package. Use iftex instead.

(e:/Application/texlive/2025/texmf-dist/tex/generic/iftex/iftex.sty
Package: iftex 2024/12/12 v1.0g TeX engine tests
))
\Gm@cnth=\count279
\Gm@cntv=\count280
\c@Gm@tempcnt=\count281
\Gm@bindingoffset=\dimen148
\Gm@wd@mp=\dimen149
\Gm@odd@mp=\dimen150
\Gm@even@mp=\dimen151
\Gm@layoutwidth=\dimen152
\Gm@layoutheight=\dimen153
\Gm@layouthoffset=\dimen154
\Gm@layoutvoffset=\dimen155
\Gm@dimlist=\toks20
)
(e:/Application/texlive/2025/texmf-dist/tex/latex/base/fleqn.clo
File: fleqn.clo 2016/12/29 v1.2b Standard LaTeX option (flush left equations)
\mathindent=\skip55
Applying: [2015/01/01] Make \[ robust on input line 50.
LaTeX Info: Redefining \[ on input line 51.
Already applied: [0000/00/00] Make \[ robust on input line 62.
Applying: [2015/01/01] Make \] robust on input line 74.
LaTeX Info: Redefining \] on input line 75.
Already applied: [0000/00/00] Make \] robust on input line 83.
)
\appnamewidth=\dimen156
)
(e:/Application/texlive/2025/texmf-dist/tex/latex/txfonts/txfonts.sty
Package: txfonts 2008/01/22 v3.2.1
LaTeX Font Info:    Redeclaring symbol font `operators' on input line 21.
LaTeX Font Info:    Overwriting symbol font `operators' in version `normal'
(Font)                  OT1/cmr/m/n --> OT1/txr/m/n on input line 21.
LaTeX Font Info:    Overwriting symbol font `operators' in version `bold'
(Font)                  OT1/cmr/bx/n --> OT1/txr/m/n on input line 21.
LaTeX Font Info:    Overwriting symbol font `operators' in version `bold'
(Font)                  OT1/txr/m/n --> OT1/txr/bx/n on input line 22.
\symitalic=\mathgroup4
LaTeX Font Info:    Overwriting symbol font `italic' in version `bold'
(Font)                  OT1/txr/m/it --> OT1/txr/bx/it on input line 26.
LaTeX Font Info:    Redeclaring math alphabet \mathbf on input line 29.
LaTeX Font Info:    Overwriting math alphabet `\mathbf' in version `normal'
(Font)                  OT1/cmr/bx/n --> OT1/txr/bx/n on input line 29.
LaTeX Font Info:    Overwriting math alphabet `\mathbf' in version `bold'
(Font)                  OT1/cmr/bx/n --> OT1/txr/bx/n on input line 29.
LaTeX Font Info:    Redeclaring math alphabet \mathit on input line 30.
LaTeX Font Info:    Overwriting math alphabet `\mathit' in version `normal'
(Font)                  OT1/cmr/m/it --> OT1/txr/m/it on input line 30.
LaTeX Font Info:    Overwriting math alphabet `\mathit' in version `bold'
(Font)                  OT1/cmr/bx/it --> OT1/txr/m/it on input line 30.
LaTeX Font Info:    Overwriting math alphabet `\mathit' in version `bold'
(Font)                  OT1/txr/m/it --> OT1/txr/bx/it on input line 31.
LaTeX Font Info:    Redeclaring math alphabet \mathsf on input line 40.
LaTeX Font Info:    Overwriting math alphabet `\mathsf' in version `normal'
(Font)                  OT1/cmss/m/n --> OT1/txss/m/n on input line 40.
LaTeX Font Info:    Overwriting math alphabet `\mathsf' in version `bold'
(Font)                  OT1/cmss/bx/n --> OT1/txss/m/n on input line 40.
LaTeX Font Info:    Overwriting math alphabet `\mathsf' in version `bold'
(Font)                  OT1/txss/m/n --> OT1/txss/b/n on input line 41.
LaTeX Font Info:    Redeclaring math alphabet \mathtt on input line 50.
LaTeX Font Info:    Overwriting math alphabet `\mathtt' in version `normal'
(Font)                  OT1/cmtt/m/n --> OT1/txtt/m/n on input line 50.
LaTeX Font Info:    Overwriting math alphabet `\mathtt' in version `bold'
(Font)                  OT1/cmtt/m/n --> OT1/txtt/m/n on input line 50.
LaTeX Font Info:    Overwriting math alphabet `\mathtt' in version `bold'
(Font)                  OT1/txtt/m/n --> OT1/txtt/b/n on input line 51.
LaTeX Font Info:    Redeclaring symbol font `letters' on input line 58.
LaTeX Font Info:    Overwriting symbol font `letters' in version `normal'
(Font)                  OML/cmm/m/it --> OML/txmi/m/it on input line 58.
LaTeX Font Info:    Overwriting symbol font `letters' in version `bold'
(Font)                  OML/cmm/b/it --> OML/txmi/m/it on input line 58.
LaTeX Font Info:    Overwriting symbol font `letters' in version `bold'
(Font)                  OML/txmi/m/it --> OML/txmi/bx/it on input line 59.
\symlettersA=\mathgroup5
LaTeX Font Info:    Overwriting symbol font `lettersA' in version `bold'
(Font)                  U/txmia/m/it --> U/txmia/bx/it on input line 67.
LaTeX Font Info:    Redeclaring symbol font `symbols' on input line 77.
LaTeX Font Info:    Overwriting symbol font `symbols' in version `normal'
(Font)                  OMS/cmsy/m/n --> OMS/txsy/m/n on input line 77.
LaTeX Font Info:    Overwriting symbol font `symbols' in version `bold'
(Font)                  OMS/cmsy/b/n --> OMS/txsy/m/n on input line 77.
LaTeX Font Info:    Overwriting symbol font `symbols' in version `bold'
(Font)                  OMS/txsy/m/n --> OMS/txsy/bx/n on input line 78.
\symAMSa=\mathgroup6
LaTeX Font Info:    Overwriting symbol font `AMSa' in version `bold'
(Font)                  U/txsya/m/n --> U/txsya/bx/n on input line 94.
\symAMSb=\mathgroup7
LaTeX Font Info:    Overwriting symbol font `AMSb' in version `bold'
(Font)                  U/txsyb/m/n --> U/txsyb/bx/n on input line 103.
\symsymbolsC=\mathgroup8
LaTeX Font Info:    Overwriting symbol font `symbolsC' in version `bold'
(Font)                  U/txsyc/m/n --> U/txsyc/bx/n on input line 113.
LaTeX Font Info:    Redeclaring symbol font `largesymbols' on input line 120.
LaTeX Font Info:    Overwriting symbol font `largesymbols' in version `normal'
(Font)                  OMX/cmex/m/n --> OMX/txex/m/n on input line 120.
LaTeX Font Info:    Overwriting symbol font `largesymbols' in version `bold'
(Font)                  OMX/cmex/m/n --> OMX/txex/m/n on input line 120.
LaTeX Font Info:    Overwriting symbol font `largesymbols' in version `bold'
(Font)                  OMX/txex/m/n --> OMX/txex/bx/n on input line 121.
\symlargesymbolsA=\mathgroup9
LaTeX Font Info:    Overwriting symbol font `largesymbolsA' in version `bold'
(Font)                  U/txexa/m/n --> U/txexa/bx/n on input line 129.
LaTeX Font Info:    Redeclaring math symbol \mathsterling on input line 164.
LaTeX Font Info:    Redeclaring math symbol \hbar on input line 591.
LaTeX Info: Redefining \not on input line 1043.
)
(e:/Application/texlive/2025/texmf-dist/tex/latex/amsfonts/amssymb.sty
Package: amssymb 2013/01/14 v3.01 AMS font symbols

(e:/Application/texlive/2025/texmf-dist/tex/latex/amsfonts/amsfonts.sty
Package: amsfonts 2013/01/14 v3.01 Basic AMSFonts support
\@emptytoks=\toks21
LaTeX Font Info:    Redeclaring symbol font `AMSa' on input line 59.
LaTeX Font Info:    Overwriting symbol font `AMSa' in version `normal'
(Font)                  U/txsya/m/n --> U/msa/m/n on input line 59.
LaTeX Font Info:    Overwriting symbol font `AMSa' in version `bold'
(Font)                  U/txsya/bx/n --> U/msa/m/n on input line 59.
LaTeX Font Info:    Redeclaring symbol font `AMSb' on input line 60.
LaTeX Font Info:    Overwriting symbol font `AMSb' in version `normal'
(Font)                  U/txsyb/m/n --> U/msb/m/n on input line 60.
LaTeX Font Info:    Overwriting symbol font `AMSb' in version `bold'
(Font)                  U/txsyb/bx/n --> U/msb/m/n on input line 60.
LaTeX Font Info:    Redeclaring math delimiter \ulcorner on input line 74.
LaTeX Font Info:    Redeclaring math delimiter \urcorner on input line 75.
LaTeX Font Info:    Redeclaring math delimiter \llcorner on input line 76.
LaTeX Font Info:    Redeclaring math delimiter \lrcorner on input line 77.
LaTeX Font Info:    Redeclaring math symbol \square on input line 141.
LaTeX Font Info:    Redeclaring math symbol \lozenge on input line 142.
)
LaTeX Font Info:    Redeclaring math symbol \boxdot on input line 44.
LaTeX Font Info:    Redeclaring math symbol \boxplus on input line 45.
LaTeX Font Info:    Redeclaring math symbol \boxtimes on input line 46.
LaTeX Font Info:    Redeclaring math symbol \blacksquare on input line 48.
LaTeX Font Info:    Redeclaring math symbol \centerdot on input line 49.
LaTeX Font Info:    Redeclaring math symbol \blacklozenge on input line 51.
LaTeX Font Info:    Redeclaring math symbol \circlearrowright on input line 52.

LaTeX Font Info:    Redeclaring math symbol \circlearrowleft on input line 53.
LaTeX Font Info:    Redeclaring math symbol \leftrightharpoons on input line 56
.
LaTeX Font Info:    Redeclaring math symbol \boxminus on input line 57.
LaTeX Font Info:    Redeclaring math symbol \Vdash on input line 58.
LaTeX Font Info:    Redeclaring math symbol \Vvdash on input line 59.
LaTeX Font Info:    Redeclaring math symbol \vDash on input line 60.
LaTeX Font Info:    Redeclaring math symbol \twoheadrightarrow on input line 61
.
LaTeX Font Info:    Redeclaring math symbol \twoheadleftarrow on input line 62.

LaTeX Font Info:    Redeclaring math symbol \leftleftarrows on input line 63.
LaTeX Font Info:    Redeclaring math symbol \rightrightarrows on input line 64.

LaTeX Font Info:    Redeclaring math symbol \upuparrows on input line 65.
LaTeX Font Info:    Redeclaring math symbol \downdownarrows on input line 66.
LaTeX Font Info:    Redeclaring math symbol \upharpoonright on input line 67.
LaTeX Font Info:    Redeclaring math symbol \downharpoonright on input line 69.

LaTeX Font Info:    Redeclaring math symbol \upharpoonleft on input line 70.
LaTeX Font Info:    Redeclaring math symbol \downharpoonleft on input line 71.
LaTeX Font Info:    Redeclaring math symbol \rightarrowtail on input line 72.
LaTeX Font Info:    Redeclaring math symbol \leftarrowtail on input line 73.
LaTeX Font Info:    Redeclaring math symbol \leftrightarrows on input line 74.
LaTeX Font Info:    Redeclaring math symbol \rightleftarrows on input line 75.
LaTeX Font Info:    Redeclaring math symbol \Lsh on input line 76.
LaTeX Font Info:    Redeclaring math symbol \Rsh on input line 77.
LaTeX Font Info:    Redeclaring math symbol \leftrightsquigarrow on input line 
79.
LaTeX Font Info:    Redeclaring math symbol \looparrowleft on input line 80.
LaTeX Font Info:    Redeclaring math symbol \looparrowright on input line 81.
LaTeX Font Info:    Redeclaring math symbol \circeq on input line 82.
LaTeX Font Info:    Redeclaring math symbol \succsim on input line 83.
LaTeX Font Info:    Redeclaring math symbol \gtrsim on input line 84.
LaTeX Font Info:    Redeclaring math symbol \gtrapprox on input line 85.
LaTeX Font Info:    Redeclaring math symbol \multimap on input line 86.
LaTeX Font Info:    Redeclaring math symbol \therefore on input line 87.
LaTeX Font Info:    Redeclaring math symbol \because on input line 88.
LaTeX Font Info:    Redeclaring math symbol \doteqdot on input line 89.
LaTeX Font Info:    Redeclaring math symbol \triangleq on input line 91.
LaTeX Font Info:    Redeclaring math symbol \precsim on input line 92.
LaTeX Font Info:    Redeclaring math symbol \lesssim on input line 93.
LaTeX Font Info:    Redeclaring math symbol \lessapprox on input line 94.
LaTeX Font Info:    Redeclaring math symbol \eqslantless on input line 95.
LaTeX Font Info:    Redeclaring math symbol \eqslantgtr on input line 96.
LaTeX Font Info:    Redeclaring math symbol \curlyeqprec on input line 97.
LaTeX Font Info:    Redeclaring math symbol \curlyeqsucc on input line 98.
LaTeX Font Info:    Redeclaring math symbol \preccurlyeq on input line 99.
LaTeX Font Info:    Redeclaring math symbol \leqq on input line 100.
LaTeX Font Info:    Redeclaring math symbol \leqslant on input line 101.
LaTeX Font Info:    Redeclaring math symbol \lessgtr on input line 102.
LaTeX Font Info:    Redeclaring math symbol \backprime on input line 103.
LaTeX Font Info:    Redeclaring math symbol \risingdotseq on input line 104.
LaTeX Font Info:    Redeclaring math symbol \fallingdotseq on input line 105.
LaTeX Font Info:    Redeclaring math symbol \succcurlyeq on input line 106.
LaTeX Font Info:    Redeclaring math symbol \geqq on input line 107.
LaTeX Font Info:    Redeclaring math symbol \geqslant on input line 108.
LaTeX Font Info:    Redeclaring math symbol \gtrless on input line 109.
LaTeX Font Info:    Redeclaring math symbol \bigstar on input line 117.
LaTeX Font Info:    Redeclaring math symbol \between on input line 118.
LaTeX Font Info:    Redeclaring math symbol \blacktriangledown on input line 11
9.
LaTeX Font Info:    Redeclaring math symbol \blacktriangleright on input line 1
20.
LaTeX Font Info:    Redeclaring math symbol \blacktriangleleft on input line 12
1.
LaTeX Font Info:    Redeclaring math symbol \vartriangle on input line 122.
LaTeX Font Info:    Redeclaring math symbol \blacktriangle on input line 123.
LaTeX Font Info:    Redeclaring math symbol \triangledown on input line 124.
LaTeX Font Info:    Redeclaring math symbol \eqcirc on input line 125.
LaTeX Font Info:    Redeclaring math symbol \lesseqgtr on input line 126.
LaTeX Font Info:    Redeclaring math symbol \gtreqless on input line 127.
LaTeX Font Info:    Redeclaring math symbol \lesseqqgtr on input line 128.
LaTeX Font Info:    Redeclaring math symbol \gtreqqless on input line 129.
LaTeX Font Info:    Redeclaring math symbol \Rrightarrow on input line 130.
LaTeX Font Info:    Redeclaring math symbol \Lleftarrow on input line 131.
LaTeX Font Info:    Redeclaring math symbol \veebar on input line 132.
LaTeX Font Info:    Redeclaring math symbol \barwedge on input line 133.
LaTeX Font Info:    Redeclaring math symbol \doublebarwedge on input line 134.
LaTeX Font Info:    Redeclaring math symbol \measuredangle on input line 137.
LaTeX Font Info:    Redeclaring math symbol \sphericalangle on input line 138.
LaTeX Font Info:    Redeclaring math symbol \varpropto on input line 139.
LaTeX Font Info:    Redeclaring math symbol \smallsmile on input line 140.
LaTeX Font Info:    Redeclaring math symbol \smallfrown on input line 141.
LaTeX Font Info:    Redeclaring math symbol \Subset on input line 142.
LaTeX Font Info:    Redeclaring math symbol \Supset on input line 143.
LaTeX Font Info:    Redeclaring math symbol \Cup on input line 144.
LaTeX Font Info:    Redeclaring math symbol \Cap on input line 146.
LaTeX Font Info:    Redeclaring math symbol \curlywedge on input line 148.
LaTeX Font Info:    Redeclaring math symbol \curlyvee on input line 149.
LaTeX Font Info:    Redeclaring math symbol \leftthreetimes on input line 150.
LaTeX Font Info:    Redeclaring math symbol \rightthreetimes on input line 151.

LaTeX Font Info:    Redeclaring math symbol \subseteqq on input line 152.
LaTeX Font Info:    Redeclaring math symbol \supseteqq on input line 153.
LaTeX Font Info:    Redeclaring math symbol \bumpeq on input line 154.
LaTeX Font Info:    Redeclaring math symbol \Bumpeq on input line 155.
LaTeX Font Info:    Redeclaring math symbol \lll on input line 156.
LaTeX Font Info:    Redeclaring math symbol \ggg on input line 158.
LaTeX Font Info:    Redeclaring math symbol \circledS on input line 160.
LaTeX Font Info:    Redeclaring math symbol \pitchfork on input line 161.
LaTeX Font Info:    Redeclaring math symbol \dotplus on input line 162.
LaTeX Font Info:    Redeclaring math symbol \backsim on input line 163.
LaTeX Font Info:    Redeclaring math symbol \backsimeq on input line 164.
LaTeX Font Info:    Redeclaring math symbol \complement on input line 165.
LaTeX Font Info:    Redeclaring math symbol \intercal on input line 166.
LaTeX Font Info:    Redeclaring math symbol \circledcirc on input line 167.
LaTeX Font Info:    Redeclaring math symbol \circledast on input line 168.
LaTeX Font Info:    Redeclaring math symbol \circleddash on input line 169.
LaTeX Font Info:    Redeclaring math symbol \lvertneqq on input line 171.
LaTeX Font Info:    Redeclaring math symbol \gvertneqq on input line 172.
LaTeX Font Info:    Redeclaring math symbol \nleq on input line 173.
LaTeX Font Info:    Redeclaring math symbol \ngeq on input line 174.
LaTeX Font Info:    Redeclaring math symbol \nless on input line 175.
LaTeX Font Info:    Redeclaring math symbol \ngtr on input line 176.
LaTeX Font Info:    Redeclaring math symbol \nprec on input line 177.
LaTeX Font Info:    Redeclaring math symbol \nsucc on input line 178.
LaTeX Font Info:    Redeclaring math symbol \lneqq on input line 179.
LaTeX Font Info:    Redeclaring math symbol \gneqq on input line 180.
LaTeX Font Info:    Redeclaring math symbol \nleqslant on input line 181.
LaTeX Font Info:    Redeclaring math symbol \ngeqslant on input line 182.
LaTeX Font Info:    Redeclaring math symbol \lneq on input line 183.
LaTeX Font Info:    Redeclaring math symbol \gneq on input line 184.
LaTeX Font Info:    Redeclaring math symbol \npreceq on input line 185.
LaTeX Font Info:    Redeclaring math symbol \nsucceq on input line 186.
LaTeX Font Info:    Redeclaring math symbol \precnsim on input line 187.
LaTeX Font Info:    Redeclaring math symbol \succnsim on input line 188.
LaTeX Font Info:    Redeclaring math symbol \lnsim on input line 189.
LaTeX Font Info:    Redeclaring math symbol \gnsim on input line 190.
LaTeX Font Info:    Redeclaring math symbol \nleqq on input line 191.
LaTeX Font Info:    Redeclaring math symbol \ngeqq on input line 192.
LaTeX Font Info:    Redeclaring math symbol \precneqq on input line 193.
LaTeX Font Info:    Redeclaring math symbol \succneqq on input line 194.
LaTeX Font Info:    Redeclaring math symbol \precnapprox on input line 195.
LaTeX Font Info:    Redeclaring math symbol \succnapprox on input line 196.
LaTeX Font Info:    Redeclaring math symbol \lnapprox on input line 197.
LaTeX Font Info:    Redeclaring math symbol \gnapprox on input line 198.
LaTeX Font Info:    Redeclaring math symbol \nsim on input line 199.
LaTeX Font Info:    Redeclaring math symbol \ncong on input line 200.
LaTeX Font Info:    Redeclaring math symbol \diagup on input line 201.
LaTeX Font Info:    Redeclaring math symbol \diagdown on input line 202.
LaTeX Font Info:    Redeclaring math symbol \varsubsetneq on input line 203.
LaTeX Font Info:    Redeclaring math symbol \varsupsetneq on input line 204.
LaTeX Font Info:    Redeclaring math symbol \nsubseteqq on input line 205.
LaTeX Font Info:    Redeclaring math symbol \nsupseteqq on input line 206.
LaTeX Font Info:    Redeclaring math symbol \subsetneqq on input line 207.
LaTeX Font Info:    Redeclaring math symbol \supsetneqq on input line 208.
LaTeX Font Info:    Redeclaring math symbol \varsubsetneqq on input line 209.
LaTeX Font Info:    Redeclaring math symbol \varsupsetneqq on input line 210.
LaTeX Font Info:    Redeclaring math symbol \subsetneq on input line 211.
LaTeX Font Info:    Redeclaring math symbol \supsetneq on input line 212.
LaTeX Font Info:    Redeclaring math symbol \nsubseteq on input line 213.
LaTeX Font Info:    Redeclaring math symbol \nsupseteq on input line 214.
LaTeX Font Info:    Redeclaring math symbol \nparallel on input line 215.
LaTeX Font Info:    Redeclaring math symbol \nmid on input line 216.
LaTeX Font Info:    Redeclaring math symbol \nshortmid on input line 217.
LaTeX Font Info:    Redeclaring math symbol \nshortparallel on input line 218.
LaTeX Font Info:    Redeclaring math symbol \nvdash on input line 219.
LaTeX Font Info:    Redeclaring math symbol \nVdash on input line 220.
LaTeX Font Info:    Redeclaring math symbol \nvDash on input line 221.
LaTeX Font Info:    Redeclaring math symbol \nVDash on input line 222.
LaTeX Font Info:    Redeclaring math symbol \ntrianglerighteq on input line 223
.
LaTeX Font Info:    Redeclaring math symbol \ntrianglelefteq on input line 224.

LaTeX Font Info:    Redeclaring math symbol \ntriangleleft on input line 225.
LaTeX Font Info:    Redeclaring math symbol \ntriangleright on input line 226.
LaTeX Font Info:    Redeclaring math symbol \nleftarrow on input line 227.
LaTeX Font Info:    Redeclaring math symbol \nrightarrow on input line 228.
LaTeX Font Info:    Redeclaring math symbol \nLeftarrow on input line 229.
LaTeX Font Info:    Redeclaring math symbol \nRightarrow on input line 230.
LaTeX Font Info:    Redeclaring math symbol \nLeftrightarrow on input line 231.

LaTeX Font Info:    Redeclaring math symbol \nleftrightarrow on input line 232.

LaTeX Font Info:    Redeclaring math symbol \divideontimes on input line 233.
LaTeX Font Info:    Redeclaring math symbol \varnothing on input line 234.
LaTeX Font Info:    Redeclaring math symbol \nexists on input line 235.
LaTeX Font Info:    Redeclaring math symbol \Finv on input line 236.
LaTeX Font Info:    Redeclaring math symbol \Game on input line 237.
LaTeX Font Info:    Redeclaring math symbol \eth on input line 240.
LaTeX Font Info:    Redeclaring math symbol \eqsim on input line 241.
LaTeX Font Info:    Redeclaring math symbol \beth on input line 242.
LaTeX Font Info:    Redeclaring math symbol \gimel on input line 243.
LaTeX Font Info:    Redeclaring math symbol \daleth on input line 244.
LaTeX Font Info:    Redeclaring math symbol \lessdot on input line 245.
LaTeX Font Info:    Redeclaring math symbol \gtrdot on input line 246.
LaTeX Font Info:    Redeclaring math symbol \ltimes on input line 247.
LaTeX Font Info:    Redeclaring math symbol \rtimes on input line 248.
LaTeX Font Info:    Redeclaring math symbol \shortmid on input line 249.
LaTeX Font Info:    Redeclaring math symbol \shortparallel on input line 250.
LaTeX Font Info:    Redeclaring math symbol \smallsetminus on input line 251.
LaTeX Font Info:    Redeclaring math symbol \thicksim on input line 252.
LaTeX Font Info:    Redeclaring math symbol \thickapprox on input line 253.
LaTeX Font Info:    Redeclaring math symbol \approxeq on input line 254.
LaTeX Font Info:    Redeclaring math symbol \succapprox on input line 255.
LaTeX Font Info:    Redeclaring math symbol \precapprox on input line 256.
LaTeX Font Info:    Redeclaring math symbol \curvearrowleft on input line 257.
LaTeX Font Info:    Redeclaring math symbol \curvearrowright on input line 258.

LaTeX Font Info:    Redeclaring math symbol \digamma on input line 259.
LaTeX Font Info:    Redeclaring math symbol \varkappa on input line 260.
LaTeX Font Info:    Redeclaring math symbol \Bbbk on input line 261.
LaTeX Font Info:    Redeclaring math symbol \hslash on input line 262.
LaTeX Font Info:    Redeclaring math symbol \backepsilon on input line 265.
)
(e:/Application/texlive/2025/texmf-dist/tex/latex/amsmath/amsmath.sty
Package: amsmath 2024/11/05 v2.17t AMS math features
\@mathmargin=\skip56

For additional information on amsmath, use the `?' option.
(e:/Application/texlive/2025/texmf-dist/tex/latex/amsmath/amstext.sty
Package: amstext 2021/08/26 v2.01 AMS text

(e:/Application/texlive/2025/texmf-dist/tex/latex/amsmath/amsgen.sty
File: amsgen.sty 1999/11/30 v2.0 generic functions
\@emptytoks=\toks22
\ex@=\dimen157
))
(e:/Application/texlive/2025/texmf-dist/tex/latex/amsmath/amsbsy.sty
Package: amsbsy 1999/11/29 v1.2d Bold Symbols
\pmbraise@=\dimen158
)
(e:/Application/texlive/2025/texmf-dist/tex/latex/amsmath/amsopn.sty
Package: amsopn 2022/04/08 v2.04 operator names
)
\inf@bad=\count282
LaTeX Info: Redefining \frac on input line 233.
\uproot@=\count283
\leftroot@=\count284
LaTeX Info: Redefining \overline on input line 398.
LaTeX Info: Redefining \colon on input line 409.
\classnum@=\count285
\DOTSCASE@=\count286
LaTeX Info: Redefining \ldots on input line 495.
LaTeX Info: Redefining \dots on input line 498.
LaTeX Info: Redefining \cdots on input line 619.
\Mathstrutbox@=\box59
\strutbox@=\box60
LaTeX Info: Redefining \big on input line 721.
LaTeX Info: Redefining \Big on input line 722.
LaTeX Info: Redefining \bigg on input line 723.
LaTeX Info: Redefining \Bigg on input line 724.
\big@size=\dimen159
LaTeX Font Info:    Redeclaring font encoding OML on input line 742.
LaTeX Font Info:    Redeclaring font encoding OMS on input line 743.
\macc@depth=\count287
LaTeX Info: Redefining \bmod on input line 904.
LaTeX Info: Redefining \pmod on input line 909.
LaTeX Info: Redefining \smash on input line 939.
LaTeX Info: Redefining \relbar on input line 969.
LaTeX Info: Redefining \Relbar on input line 970.
\c@MaxMatrixCols=\count288
\dotsspace@=\muskip17
\c@parentequation=\count289
\dspbrk@lvl=\count290
\tag@help=\toks23
\row@=\count291
\column@=\count292
\maxfields@=\count293
\andhelp@=\toks24
\eqnshift@=\dimen160
\alignsep@=\dimen161
\tagshift@=\dimen162
\tagwidth@=\dimen163
\totwidth@=\dimen164
\lineht@=\dimen165
\@envbody=\toks25
\multlinegap=\skip57
\multlinetaggap=\skip58
\mathdisplay@stack=\toks26
LaTeX Info: Redefining \[ on input line 2953.
LaTeX Info: Redefining \] on input line 2954.
)
(e:/Application/texlive/2025/texmf-dist/tex/latex/tools/tabularx.sty
Package: tabularx 2023/12/11 v2.12a `tabularx' package (DPC)

(e:/Application/texlive/2025/texmf-dist/tex/latex/tools/array.sty
Package: array 2024/10/17 v2.6g Tabular extension package (FMi)
\col@sep=\dimen166
\ar@mcellbox=\box61
\extrarowheight=\dimen167
\NC@list=\toks27
\extratabsurround=\skip59
\backup@length=\skip60
\ar@cellbox=\box62
)
\TX@col@width=\dimen168
\TX@old@table=\dimen169
\TX@old@col=\dimen170
\TX@target=\dimen171
\TX@delta=\dimen172
\TX@cols=\count294
\TX@ftn=\toks28
)
(e:/Application/texlive/2025/texmf-dist/tex/latex/booktabs/booktabs.sty
Package: booktabs 2020/01/12 v1.61803398 Publication quality tables
\heavyrulewidth=\dimen173
\lightrulewidth=\dimen174
\cmidrulewidth=\dimen175
\belowrulesep=\dimen176
\belowbottomsep=\dimen177
\aboverulesep=\dimen178
\abovetopsep=\dimen179
\cmidrulesep=\dimen180
\cmidrulekern=\dimen181
\defaultaddspace=\dimen182
\@cmidla=\count295
\@cmidlb=\count296
\@aboverulesep=\dimen183
\@belowrulesep=\dimen184
\@thisruleclass=\count297
\@lastruleclass=\count298
\@thisrulewidth=\dimen185
)
(e:/Application/texlive/2025/texmf-dist/tex/latex/siunitx/siunitx.sty
Package: siunitx 2025-02-27 v3.4.6 A comprehensive (SI) units package
\l__siunitx_number_uncert_offset_int=\count299
\l__siunitx_number_exponent_fixed_int=\count300
\l__siunitx_number_min_decimal_int=\count301
\l__siunitx_number_min_integer_int=\count302
\l__siunitx_number_round_precision_int=\count303
\l__siunitx_number_lower_threshold_int=\count304
\l__siunitx_number_upper_threshold_int=\count305
\l__siunitx_number_group_first_int=\count306
\l__siunitx_number_group_size_int=\count307
\l__siunitx_number_group_minimum_int=\count308
\l__siunitx_angle_tmp_dim=\dimen186
\l__siunitx_angle_marker_box=\box63
\l__siunitx_angle_unit_box=\box64
\l__siunitx_compound_count_int=\count309

(e:/Application/texlive/2025/texmf-dist/tex/latex/translations/translations.sty
Package: translations 2022/02/05 v1.12 internationalization of LaTeX2e packages
 (CN)
(e:/Application/texlive/2025/texmf-dist/tex/generic/pdftexcmds/pdftexcmds.sty
Package: pdftexcmds 2020-06-27 v0.33 Utility functions of pdfTeX for LuaTeX (HO
)

(e:/Application/texlive/2025/texmf-dist/tex/generic/infwarerr/infwarerr.sty
Package: infwarerr 2019/12/03 v1.5 Providing info/warning/error messages (HO)
)
(e:/Application/texlive/2025/texmf-dist/tex/generic/ltxcmds/ltxcmds.sty
Package: ltxcmds 2023-12-04 v1.26 LaTeX kernel commands for general use (HO)
)
Package pdftexcmds Info: \pdf@primitive is available.
Package pdftexcmds Info: \pdf@ifprimitive is available.
Package pdftexcmds Info: \pdfdraftmode found.
))
\l__siunitx_table_tmp_box=\box65
\l__siunitx_table_tmp_dim=\dimen187
\l__siunitx_table_column_width_dim=\dimen188
\l__siunitx_table_integer_box=\box66
\l__siunitx_table_decimal_box=\box67
\l__siunitx_table_uncert_box=\box68
\l__siunitx_table_before_box=\box69
\l__siunitx_table_after_box=\box70
\l__siunitx_table_before_dim=\dimen189
\l__siunitx_table_carry_dim=\dimen190
\l__siunitx_unit_tmp_int=\count310
\l__siunitx_unit_position_int=\count311
\l__siunitx_unit_total_int=\count312
)
(e:/Application/texlive/2025/texmf-dist/tex/latex/dblfloatfix/dblfloatfix.sty
Package: dblfloatfix 2012/12/31 v1.0a (JAW)

(e:/Application/texlive/2025/texmf-dist/tex/latex/base/fixltx2e.sty
Package: fixltx2e 2016/12/29 v2.1a fixes to LaTeX (obsolete)
Applying: [2015/01/01] Old fixltx2e package on input line 46.


Package fixltx2e Warning: fixltx2e is not required with releases after 2015
(fixltx2e)                All fixes are now in the LaTeX kernel.
(fixltx2e)                See the latexrelease package for details.

Already applied: [0000/00/00] Old fixltx2e package on input line 53.
)
\@dblbotnum=\count313
\c@dblbotnumber=\count314
) (e:/Application/texlive/2025/texmf-dist/tex/latex/placeins/placeins.sty
Package: placeins 2005/04/18  v 2.2
)
(e:/Application/texlive/2025/texmf-dist/tex/latex/capt-of/capt-of.sty
Package: capt-of 2009/12/29 v0.2 standard captions outside of floats
)
(e:/Application/texlive/2025/texmf-dist/tex/latex/enumitem/enumitem.sty
Package: enumitem 2025/02/06 v3.11 Customized lists
\labelindent=\skip61
\enit@outerparindent=\dimen191
\enit@toks=\toks29
\enit@inbox=\box71
\enit@count@id=\count315
\enitdp@description=\count316
)
(e:/Application/texlive/2025/texmf-dist/tex/latex/multirow/multirow.sty
Package: multirow 2024/11/12 v2.9 Span multiple rows of a table
\multirow@colwidth=\skip62
\multirow@cntb=\count317
\multirow@dima=\skip63
\bigstrutjot=\dimen192
)
(e:/Application/texlive/2025/texmf-dist/tex/latex/float/float.sty
Package: float 2001/11/08 v1.3d Float enhancements (AL)
\c@float@type=\count318
\float@exts=\toks30
\float@box=\box72
\@float@everytoks=\toks31
\@floatcapt=\box73
)
(e:/Application/texlive/2025/texmf-dist/tex/latex/caption/caption.sty
Package: caption 2023/08/05 v3.6o Customizing captions (AR)

(e:/Application/texlive/2025/texmf-dist/tex/latex/caption/caption3.sty
Package: caption3 2023/07/31 v2.4d caption3 kernel (AR)
\caption@tempdima=\dimen193
\captionmargin=\dimen194
\caption@leftmargin=\dimen195
\caption@rightmargin=\dimen196
\caption@width=\dimen197
\caption@indent=\dimen198
\caption@parindent=\dimen199
\caption@hangindent=\dimen256
Package caption Info: elsarticle document class detected.

(e:/Application/texlive/2025/texmf-dist/tex/latex/caption/caption-elsarticle.st
o
File: caption-elsarticle.sto 2020/08/22 v2.0 Adaption of the caption package to
 the elsarticle document class (AR)
))
\c@caption@flags=\count319
\c@continuedfloat=\count320
Package caption Info: float package is loaded.
)
(e:/Application/texlive/2025/texmf-dist/tex/latex/pgf/frontendlayer/tikz.sty
(e:/Application/texlive/2025/texmf-dist/tex/latex/pgf/basiclayer/pgf.sty
(e:/Application/texlive/2025/texmf-dist/tex/latex/pgf/utilities/pgfrcs.sty
(e:/Application/texlive/2025/texmf-dist/tex/generic/pgf/utilities/pgfutil-commo
n.tex
\pgfutil@everybye=\toks32
\pgfutil@tempdima=\dimen257
\pgfutil@tempdimb=\dimen258
)
(e:/Application/texlive/2025/texmf-dist/tex/generic/pgf/utilities/pgfutil-latex
.def
\pgfutil@abb=\box74
)
(e:/Application/texlive/2025/texmf-dist/tex/generic/pgf/utilities/pgfrcs.code.t
ex (e:/Application/texlive/2025/texmf-dist/tex/generic/pgf/pgf.revision.tex)
Package: pgfrcs 2023-01-15 v3.1.10 (3.1.10)
))
Package: pgf 2023-01-15 v3.1.10 (3.1.10)

(e:/Application/texlive/2025/texmf-dist/tex/latex/pgf/basiclayer/pgfcore.sty
(e:/Application/texlive/2025/texmf-dist/tex/latex/pgf/systemlayer/pgfsys.sty
(e:/Application/texlive/2025/texmf-dist/tex/generic/pgf/systemlayer/pgfsys.code
.tex
Package: pgfsys 2023-01-15 v3.1.10 (3.1.10)

(e:/Application/texlive/2025/texmf-dist/tex/generic/pgf/utilities/pgfkeys.code.
tex
\pgfkeys@pathtoks=\toks33
\pgfkeys@temptoks=\toks34

(e:/Application/texlive/2025/texmf-dist/tex/generic/pgf/utilities/pgfkeyslibrar
yfiltered.code.tex
\pgfkeys@tmptoks=\toks35
))
\pgf@x=\dimen259
\pgf@y=\dimen260
\pgf@xa=\dimen261
\pgf@ya=\dimen262
\pgf@xb=\dimen263
\pgf@yb=\dimen264
\pgf@xc=\dimen265
\pgf@yc=\dimen266
\pgf@xd=\dimen267
\pgf@yd=\dimen268
\w@pgf@writea=\write4
\r@pgf@reada=\read2
\c@pgf@counta=\count321
\c@pgf@countb=\count322
\c@pgf@countc=\count323
\c@pgf@countd=\count324
\t@pgf@toka=\toks36
\t@pgf@tokb=\toks37
\t@pgf@tokc=\toks38
\pgf@sys@id@count=\count325

(e:/Application/texlive/2025/texmf-dist/tex/generic/pgf/systemlayer/pgf.cfg
File: pgf.cfg 2023-01-15 v3.1.10 (3.1.10)
)
Driver file for pgf: pgfsys-pdftex.def

(e:/Application/texlive/2025/texmf-dist/tex/generic/pgf/systemlayer/pgfsys-pdft
ex.def
File: pgfsys-pdftex.def 2023-01-15 v3.1.10 (3.1.10)

(e:/Application/texlive/2025/texmf-dist/tex/generic/pgf/systemlayer/pgfsys-comm
on-pdf.def
File: pgfsys-common-pdf.def 2023-01-15 v3.1.10 (3.1.10)
)))
(e:/Application/texlive/2025/texmf-dist/tex/generic/pgf/systemlayer/pgfsyssoftp
ath.code.tex
File: pgfsyssoftpath.code.tex 2023-01-15 v3.1.10 (3.1.10)
\pgfsyssoftpath@smallbuffer@items=\count326
\pgfsyssoftpath@bigbuffer@items=\count327
)
(e:/Application/texlive/2025/texmf-dist/tex/generic/pgf/systemlayer/pgfsysproto
col.code.tex
File: pgfsysprotocol.code.tex 2023-01-15 v3.1.10 (3.1.10)
))
(e:/Application/texlive/2025/texmf-dist/tex/latex/xcolor/xcolor.sty
Package: xcolor 2024/09/29 v3.02 LaTeX color extensions (UK)

(e:/Application/texlive/2025/texmf-dist/tex/latex/graphics-cfg/color.cfg
File: color.cfg 2016/01/02 v1.6 sample color configuration
)
Package xcolor Info: Driver file: pdftex.def on input line 274.

(e:/Application/texlive/2025/texmf-dist/tex/latex/graphics/mathcolor.ltx)
Package xcolor Info: Model `cmy' substituted by `cmy0' on input line 1349.
Package xcolor Info: Model `hsb' substituted by `rgb' on input line 1353.
Package xcolor Info: Model `RGB' extended on input line 1365.
Package xcolor Info: Model `HTML' substituted by `rgb' on input line 1367.
Package xcolor Info: Model `Hsb' substituted by `hsb' on input line 1368.
Package xcolor Info: Model `tHsb' substituted by `hsb' on input line 1369.
Package xcolor Info: Model `HSB' substituted by `hsb' on input line 1370.
Package xcolor Info: Model `Gray' substituted by `gray' on input line 1371.
Package xcolor Info: Model `wave' substituted by `hsb' on input line 1372.
)
(e:/Application/texlive/2025/texmf-dist/tex/generic/pgf/basiclayer/pgfcore.code
.tex
Package: pgfcore 2023-01-15 v3.1.10 (3.1.10)

(e:/Application/texlive/2025/texmf-dist/tex/generic/pgf/math/pgfmath.code.tex
(e:/Application/texlive/2025/texmf-dist/tex/generic/pgf/math/pgfmathutil.code.t
ex)
(e:/Application/texlive/2025/texmf-dist/tex/generic/pgf/math/pgfmathparser.code
.tex
\pgfmath@dimen=\dimen269
\pgfmath@count=\count328
\pgfmath@box=\box75
\pgfmath@toks=\toks39
\pgfmath@stack@operand=\toks40
\pgfmath@stack@operation=\toks41
)
(e:/Application/texlive/2025/texmf-dist/tex/generic/pgf/math/pgfmathfunctions.c
ode.tex)
(e:/Application/texlive/2025/texmf-dist/tex/generic/pgf/math/pgfmathfunctions.b
asic.code.tex)
(e:/Application/texlive/2025/texmf-dist/tex/generic/pgf/math/pgfmathfunctions.t
rigonometric.code.tex)
(e:/Application/texlive/2025/texmf-dist/tex/generic/pgf/math/pgfmathfunctions.r
andom.code.tex)
(e:/Application/texlive/2025/texmf-dist/tex/generic/pgf/math/pgfmathfunctions.c
omparison.code.tex)
(e:/Application/texlive/2025/texmf-dist/tex/generic/pgf/math/pgfmathfunctions.b
ase.code.tex)
(e:/Application/texlive/2025/texmf-dist/tex/generic/pgf/math/pgfmathfunctions.r
ound.code.tex)
(e:/Application/texlive/2025/texmf-dist/tex/generic/pgf/math/pgfmathfunctions.m
isc.code.tex)
(e:/Application/texlive/2025/texmf-dist/tex/generic/pgf/math/pgfmathfunctions.i
ntegerarithmetics.code.tex)
(e:/Application/texlive/2025/texmf-dist/tex/generic/pgf/math/pgfmathcalc.code.t
ex)
(e:/Application/texlive/2025/texmf-dist/tex/generic/pgf/math/pgfmathfloat.code.
tex
\c@pgfmathroundto@lastzeros=\count329
))
(e:/Application/texlive/2025/texmf-dist/tex/generic/pgf/math/pgfint.code.tex)
(e:/Application/texlive/2025/texmf-dist/tex/generic/pgf/basiclayer/pgfcorepoint
s.code.tex
File: pgfcorepoints.code.tex 2023-01-15 v3.1.10 (3.1.10)
\pgf@picminx=\dimen270
\pgf@picmaxx=\dimen271
\pgf@picminy=\dimen272
\pgf@picmaxy=\dimen273
\pgf@pathminx=\dimen274
\pgf@pathmaxx=\dimen275
\pgf@pathminy=\dimen276
\pgf@pathmaxy=\dimen277
\pgf@xx=\dimen278
\pgf@xy=\dimen279
\pgf@yx=\dimen280
\pgf@yy=\dimen281
\pgf@zx=\dimen282
\pgf@zy=\dimen283
)
(e:/Application/texlive/2025/texmf-dist/tex/generic/pgf/basiclayer/pgfcorepathc
onstruct.code.tex
File: pgfcorepathconstruct.code.tex 2023-01-15 v3.1.10 (3.1.10)
\pgf@path@lastx=\dimen284
\pgf@path@lasty=\dimen285
)
(e:/Application/texlive/2025/texmf-dist/tex/generic/pgf/basiclayer/pgfcorepathu
sage.code.tex
File: pgfcorepathusage.code.tex 2023-01-15 v3.1.10 (3.1.10)
\pgf@shorten@end@additional=\dimen286
\pgf@shorten@start@additional=\dimen287
)
(e:/Application/texlive/2025/texmf-dist/tex/generic/pgf/basiclayer/pgfcorescope
s.code.tex
File: pgfcorescopes.code.tex 2023-01-15 v3.1.10 (3.1.10)
\pgfpic=\box76
\pgf@hbox=\box77
\pgf@layerbox@main=\box78
\pgf@picture@serial@count=\count330
)
(e:/Application/texlive/2025/texmf-dist/tex/generic/pgf/basiclayer/pgfcoregraph
icstate.code.tex
File: pgfcoregraphicstate.code.tex 2023-01-15 v3.1.10 (3.1.10)
\pgflinewidth=\dimen288
)
(e:/Application/texlive/2025/texmf-dist/tex/generic/pgf/basiclayer/pgfcoretrans
formations.code.tex
File: pgfcoretransformations.code.tex 2023-01-15 v3.1.10 (3.1.10)
\pgf@pt@x=\dimen289
\pgf@pt@y=\dimen290
\pgf@pt@temp=\dimen291
)
(e:/Application/texlive/2025/texmf-dist/tex/generic/pgf/basiclayer/pgfcorequick
.code.tex
File: pgfcorequick.code.tex 2023-01-15 v3.1.10 (3.1.10)
)
(e:/Application/texlive/2025/texmf-dist/tex/generic/pgf/basiclayer/pgfcoreobjec
ts.code.tex
File: pgfcoreobjects.code.tex 2023-01-15 v3.1.10 (3.1.10)
)
(e:/Application/texlive/2025/texmf-dist/tex/generic/pgf/basiclayer/pgfcorepathp
rocessing.code.tex
File: pgfcorepathprocessing.code.tex 2023-01-15 v3.1.10 (3.1.10)
)
(e:/Application/texlive/2025/texmf-dist/tex/generic/pgf/basiclayer/pgfcorearrow
s.code.tex
File: pgfcorearrows.code.tex 2023-01-15 v3.1.10 (3.1.10)
\pgfarrowsep=\dimen292
)
(e:/Application/texlive/2025/texmf-dist/tex/generic/pgf/basiclayer/pgfcoreshade
.code.tex
File: pgfcoreshade.code.tex 2023-01-15 v3.1.10 (3.1.10)
\pgf@max=\dimen293
\pgf@sys@shading@range@num=\count331
\pgf@shadingcount=\count332
)
(e:/Application/texlive/2025/texmf-dist/tex/generic/pgf/basiclayer/pgfcoreimage
.code.tex
File: pgfcoreimage.code.tex 2023-01-15 v3.1.10 (3.1.10)
)
(e:/Application/texlive/2025/texmf-dist/tex/generic/pgf/basiclayer/pgfcoreexter
nal.code.tex
File: pgfcoreexternal.code.tex 2023-01-15 v3.1.10 (3.1.10)
\pgfexternal@startupbox=\box79
)
(e:/Application/texlive/2025/texmf-dist/tex/generic/pgf/basiclayer/pgfcorelayer
s.code.tex
File: pgfcorelayers.code.tex 2023-01-15 v3.1.10 (3.1.10)
)
(e:/Application/texlive/2025/texmf-dist/tex/generic/pgf/basiclayer/pgfcoretrans
parency.code.tex
File: pgfcoretransparency.code.tex 2023-01-15 v3.1.10 (3.1.10)
)
(e:/Application/texlive/2025/texmf-dist/tex/generic/pgf/basiclayer/pgfcorepatte
rns.code.tex
File: pgfcorepatterns.code.tex 2023-01-15 v3.1.10 (3.1.10)
)
(e:/Application/texlive/2025/texmf-dist/tex/generic/pgf/basiclayer/pgfcorerdf.c
ode.tex
File: pgfcorerdf.code.tex 2023-01-15 v3.1.10 (3.1.10)
)))
(e:/Application/texlive/2025/texmf-dist/tex/generic/pgf/modules/pgfmoduleshapes
.code.tex
File: pgfmoduleshapes.code.tex 2023-01-15 v3.1.10 (3.1.10)
\pgfnodeparttextbox=\box80
)
(e:/Application/texlive/2025/texmf-dist/tex/generic/pgf/modules/pgfmoduleplot.c
ode.tex
File: pgfmoduleplot.code.tex 2023-01-15 v3.1.10 (3.1.10)
)
(e:/Application/texlive/2025/texmf-dist/tex/latex/pgf/compatibility/pgfcomp-ver
sion-0-65.sty
Package: pgfcomp-version-0-65 2023-01-15 v3.1.10 (3.1.10)
\pgf@nodesepstart=\dimen294
\pgf@nodesepend=\dimen295
)
(e:/Application/texlive/2025/texmf-dist/tex/latex/pgf/compatibility/pgfcomp-ver
sion-1-18.sty
Package: pgfcomp-version-1-18 2023-01-15 v3.1.10 (3.1.10)
))
(e:/Application/texlive/2025/texmf-dist/tex/latex/pgf/utilities/pgffor.sty
(e:/Application/texlive/2025/texmf-dist/tex/latex/pgf/utilities/pgfkeys.sty
(e:/Application/texlive/2025/texmf-dist/tex/generic/pgf/utilities/pgfkeys.code.
tex)) (e:/Application/texlive/2025/texmf-dist/tex/latex/pgf/math/pgfmath.sty
(e:/Application/texlive/2025/texmf-dist/tex/generic/pgf/math/pgfmath.code.tex))

(e:/Application/texlive/2025/texmf-dist/tex/generic/pgf/utilities/pgffor.code.t
ex
Package: pgffor 2023-01-15 v3.1.10 (3.1.10)
\pgffor@iter=\dimen296
\pgffor@skip=\dimen297
\pgffor@stack=\toks42
\pgffor@toks=\toks43
))
(e:/Application/texlive/2025/texmf-dist/tex/generic/pgf/frontendlayer/tikz/tikz
.code.tex
Package: tikz 2023-01-15 v3.1.10 (3.1.10)

(e:/Application/texlive/2025/texmf-dist/tex/generic/pgf/libraries/pgflibraryplo
thandlers.code.tex
File: pgflibraryplothandlers.code.tex 2023-01-15 v3.1.10 (3.1.10)
\pgf@plot@mark@count=\count333
\pgfplotmarksize=\dimen298
)
\tikz@lastx=\dimen299
\tikz@lasty=\dimen300
\tikz@lastxsaved=\dimen301
\tikz@lastysaved=\dimen302
\tikz@lastmovetox=\dimen303
\tikz@lastmovetoy=\dimen304
\tikzleveldistance=\dimen305
\tikzsiblingdistance=\dimen306
\tikz@figbox=\box81
\tikz@figbox@bg=\box82
\tikz@tempbox=\box83
\tikz@tempbox@bg=\box84
\tikztreelevel=\count334
\tikznumberofchildren=\count335
\tikznumberofcurrentchild=\count336
\tikz@fig@count=\count337

(e:/Application/texlive/2025/texmf-dist/tex/generic/pgf/modules/pgfmodulematrix
.code.tex
File: pgfmodulematrix.code.tex 2023-01-15 v3.1.10 (3.1.10)
\pgfmatrixcurrentrow=\count338
\pgfmatrixcurrentcolumn=\count339
\pgf@matrix@numberofcolumns=\count340
)
\tikz@expandcount=\count341

(e:/Application/texlive/2025/texmf-dist/tex/generic/pgf/frontendlayer/tikz/libr
aries/tikzlibrarytopaths.code.tex
File: tikzlibrarytopaths.code.tex 2023-01-15 v3.1.10 (3.1.10)
)))
(e:/Application/texlive/2025/texmf-dist/tex/generic/pgf/frontendlayer/tikz/libr
aries/tikzlibrarypositioning.code.tex
File: tikzlibrarypositioning.code.tex 2023-01-15 v3.1.10 (3.1.10)
)
(e:/Application/texlive/2025/texmf-dist/tex/generic/pgf/libraries/pgflibraryarr
ows.meta.code.tex
File: pgflibraryarrows.meta.code.tex 2023-01-15 v3.1.10 (3.1.10)
\pgfarrowinset=\dimen307
\pgfarrowlength=\dimen308
\pgfarrowwidth=\dimen309
\pgfarrowlinewidth=\dimen310
)
(e:/Application/texlive/2025/texmf-dist/tex/generic/pgf/frontendlayer/tikz/libr
aries/tikzlibraryshapes.code.tex
File: tikzlibraryshapes.code.tex 2023-01-15 v3.1.10 (3.1.10)

(e:/Application/texlive/2025/texmf-dist/tex/generic/pgf/frontendlayer/tikz/libr
aries/tikzlibraryshapes.geometric.code.tex
File: tikzlibraryshapes.geometric.code.tex 2023-01-15 v3.1.10 (3.1.10)

(e:/Application/texlive/2025/texmf-dist/tex/generic/pgf/libraries/shapes/pgflib
raryshapes.geometric.code.tex
File: pgflibraryshapes.geometric.code.tex 2023-01-15 v3.1.10 (3.1.10)
))
(e:/Application/texlive/2025/texmf-dist/tex/generic/pgf/frontendlayer/tikz/libr
aries/tikzlibraryshapes.misc.code.tex
File: tikzlibraryshapes.misc.code.tex 2023-01-15 v3.1.10 (3.1.10)

(e:/Application/texlive/2025/texmf-dist/tex/generic/pgf/libraries/shapes/pgflib
raryshapes.misc.code.tex
File: pgflibraryshapes.misc.code.tex 2023-01-15 v3.1.10 (3.1.10)
))
(e:/Application/texlive/2025/texmf-dist/tex/generic/pgf/frontendlayer/tikz/libr
aries/tikzlibraryshapes.symbols.code.tex
File: tikzlibraryshapes.symbols.code.tex 2023-01-15 v3.1.10 (3.1.10)

(e:/Application/texlive/2025/texmf-dist/tex/generic/pgf/libraries/shapes/pgflib
raryshapes.symbols.code.tex
File: pgflibraryshapes.symbols.code.tex 2023-01-15 v3.1.10 (3.1.10)
))
(e:/Application/texlive/2025/texmf-dist/tex/generic/pgf/frontendlayer/tikz/libr
aries/tikzlibraryshapes.arrows.code.tex
File: tikzlibraryshapes.arrows.code.tex 2023-01-15 v3.1.10 (3.1.10)

(e:/Application/texlive/2025/texmf-dist/tex/generic/pgf/libraries/shapes/pgflib
raryshapes.arrows.code.tex
File: pgflibraryshapes.arrows.code.tex 2023-01-15 v3.1.10 (3.1.10)
))
(e:/Application/texlive/2025/texmf-dist/tex/generic/pgf/frontendlayer/tikz/libr
aries/tikzlibraryshapes.callouts.code.tex
(e:/Application/texlive/2025/texmf-dist/tex/generic/pgf/libraries/shapes/pgflib
raryshapes.callouts.code.tex))
(e:/Application/texlive/2025/texmf-dist/tex/generic/pgf/frontendlayer/tikz/libr
aries/tikzlibraryshapes.multipart.code.tex
File: tikzlibraryshapes.multipart.code.tex 2023-01-15 v3.1.10 (3.1.10)

(e:/Application/texlive/2025/texmf-dist/tex/generic/pgf/libraries/shapes/pgflib
raryshapes.multipart.code.tex
File: pgflibraryshapes.multipart.code.tex 2023-01-15 v3.1.10 (3.1.10)
\pgfnodepartlowerbox=\box85
\pgfnodeparttwobox=\box86
\pgfnodepartthreebox=\box87
\pgfnodepartfourbox=\box88
\pgfnodeparttwentybox=\box89
\pgfnodepartnineteenbox=\box90
\pgfnodeparteighteenbox=\box91
\pgfnodepartseventeenbox=\box92
\pgfnodepartsixteenbox=\box93
\pgfnodepartfifteenbox=\box94
\pgfnodepartfourteenbox=\box95
\pgfnodepartthirteenbox=\box96
\pgfnodeparttwelvebox=\box97
\pgfnodepartelevenbox=\box98
\pgfnodeparttenbox=\box99
\pgfnodepartninebox=\box100
\pgfnodeparteightbox=\box101
\pgfnodepartsevenbox=\box102
\pgfnodepartsixbox=\box103
\pgfnodepartfivebox=\box104
)))
(e:/Application/texlive/2025/texmf-dist/tex/generic/pgf/frontendlayer/tikz/libr
aries/tikzlibraryshadows.code.tex
File: tikzlibraryshadows.code.tex 2023-01-15 v3.1.10 (3.1.10)

(e:/Application/texlive/2025/texmf-dist/tex/generic/pgf/frontendlayer/tikz/libr
aries/tikzlibraryfadings.code.tex
File: tikzlibraryfadings.code.tex 2023-01-15 v3.1.10 (3.1.10)

(e:/Application/texlive/2025/texmf-dist/tex/generic/pgf/libraries/pgflibraryfad
ings.code.tex
File: pgflibraryfadings.code.tex 2023-01-15 v3.1.10 (3.1.10)
)))
(e:/Application/texlive/2025/texmf-dist/tex/latex/hyperref/hyperref.sty
Package: hyperref 2024-11-05 v7.01l Hypertext links for LaTeX

(e:/Application/texlive/2025/texmf-dist/tex/latex/kvsetkeys/kvsetkeys.sty
Package: kvsetkeys 2022-10-05 v1.19 Key value parser (HO)
)
(e:/Application/texlive/2025/texmf-dist/tex/generic/kvdefinekeys/kvdefinekeys.s
ty
Package: kvdefinekeys 2019-12-19 v1.6 Define keys (HO)
) (e:/Application/texlive/2025/texmf-dist/tex/generic/pdfescape/pdfescape.sty
Package: pdfescape 2019/12/09 v1.15 Implements pdfTeX's escape features (HO)
) (e:/Application/texlive/2025/texmf-dist/tex/latex/hycolor/hycolor.sty
Package: hycolor 2020-01-27 v1.10 Color options for hyperref/bookmark (HO)
)
(e:/Application/texlive/2025/texmf-dist/tex/latex/hyperref/nameref.sty
Package: nameref 2023-11-26 v2.56 Cross-referencing by name of section

(e:/Application/texlive/2025/texmf-dist/tex/latex/refcount/refcount.sty
Package: refcount 2019/12/15 v3.6 Data extraction from label references (HO)
)
(e:/Application/texlive/2025/texmf-dist/tex/generic/gettitlestring/gettitlestri
ng.sty
Package: gettitlestring 2019/12/15 v1.6 Cleanup title references (HO)

(e:/Application/texlive/2025/texmf-dist/tex/latex/kvoptions/kvoptions.sty
Package: kvoptions 2022-06-15 v3.15 Key value format for package options (HO)
))
\c@section@level=\count342
)
(e:/Application/texlive/2025/texmf-dist/tex/generic/stringenc/stringenc.sty
Package: stringenc 2019/11/29 v1.12 Convert strings between diff. encodings (HO
)
)
\@linkdim=\dimen311
\Hy@linkcounter=\count343
\Hy@pagecounter=\count344

(e:/Application/texlive/2025/texmf-dist/tex/latex/hyperref/pd1enc.def
File: pd1enc.def 2024-11-05 v7.01l Hyperref: PDFDocEncoding definition (HO)
Now handling font encoding PD1 ...
... no UTF-8 mapping file for font encoding PD1
)
(e:/Application/texlive/2025/texmf-dist/tex/generic/intcalc/intcalc.sty
Package: intcalc 2019/12/15 v1.3 Expandable calculations with integers (HO)
)
\Hy@SavedSpaceFactor=\count345

(e:/Application/texlive/2025/texmf-dist/tex/latex/hyperref/puenc.def
File: puenc.def 2024-11-05 v7.01l Hyperref: PDF Unicode definition (HO)
Now handling font encoding PU ...
... no UTF-8 mapping file for font encoding PU
)
Package hyperref Info: Option `final' set `true' on input line 4040.
Package hyperref Info: Option `linktocpage' set `true' on input line 4040.
Package hyperref Info: Option `unicode' set `true' on input line 4040.
Package hyperref Info: Hyper figures OFF on input line 4157.
Package hyperref Info: Link nesting OFF on input line 4162.
Package hyperref Info: Hyper index ON on input line 4165.
Package hyperref Info: Plain pages OFF on input line 4172.
Package hyperref Info: Backreferencing OFF on input line 4177.
Package hyperref Info: Implicit mode ON; LaTeX internals redefined.
Package hyperref Info: Bookmarks ON on input line 4424.
\c@Hy@tempcnt=\count346

(e:/Application/texlive/2025/texmf-dist/tex/latex/url/url.sty
\Urlmuskip=\muskip18
Package: url 2013/09/16  ver 3.4  Verb mode for urls, etc.
)
LaTeX Info: Redefining \url on input line 4763.
\XeTeXLinkMargin=\dimen312

(e:/Application/texlive/2025/texmf-dist/tex/generic/bitset/bitset.sty
Package: bitset 2019/12/09 v1.3 Handle bit-vector datatype (HO)

(e:/Application/texlive/2025/texmf-dist/tex/generic/bigintcalc/bigintcalc.sty
Package: bigintcalc 2019/12/15 v1.5 Expandable calculations on big integers (HO
)
))
\Fld@menulength=\count347
\Field@Width=\dimen313
\Fld@charsize=\dimen314
Package hyperref Info: Hyper figures OFF on input line 6042.
Package hyperref Info: Link nesting OFF on input line 6047.
Package hyperref Info: Hyper index ON on input line 6050.
Package hyperref Info: backreferencing OFF on input line 6057.
Package hyperref Info: Link coloring OFF on input line 6062.
Package hyperref Info: Link coloring with OCG OFF on input line 6067.
Package hyperref Info: PDF/A mode OFF on input line 6072.
(e:/Application/texlive/2025/texmf-dist/tex/latex/base/atbegshi-ltx.sty
Package: atbegshi-ltx 2021/01/10 v1.0c Emulation of the original atbegshi
package with kernel methods
)
\Hy@abspage=\count348
\c@Item=\count349
\c@Hfootnote=\count350
)
Package hyperref Info: Driver (autodetected): hpdftex.

(e:/Application/texlive/2025/texmf-dist/tex/latex/hyperref/hpdftex.def
File: hpdftex.def 2024-11-05 v7.01l Hyperref driver for pdfTeX

(e:/Application/texlive/2025/texmf-dist/tex/latex/base/atveryend-ltx.sty
Package: atveryend-ltx 2020/08/19 v1.0a Emulation of the original atveryend pac
kage
with kernel methods
)
\Fld@listcount=\count351
\c@bookmark@seq@number=\count352

(e:/Application/texlive/2025/texmf-dist/tex/latex/rerunfilecheck/rerunfilecheck
.sty
Package: rerunfilecheck 2022-07-10 v1.10 Rerun checks for auxiliary files (HO)

(e:/Application/texlive/2025/texmf-dist/tex/generic/uniquecounter/uniquecounter
.sty
Package: uniquecounter 2019/12/15 v1.4 Provide unlimited unique counter (HO)
)
Package uniquecounter Info: New unique counter `rerunfilecheck' on input line 2
85.
)
\Hy@SectionHShift=\skip64
) (e:/Application/texlive/2025/texmf-dist/tex/latex/bookmark/bookmark.sty
Package: bookmark 2023-12-10 v1.31 PDF bookmarks (HO)
(e:/Application/texlive/2025/texmf-dist/tex/latex/bookmark/bkm-pdftex.def
File: bkm-pdftex.def 2023-12-10 v1.31 bookmark driver for pdfTeX and luaTeX (HO
)
\BKM@id=\count353
))
Package translations Info: No language package found. I am going to use `englis
h' as default language. on input line 37.
LaTeX Font Info:    Trying to load font information for T1+txr on input line 37
.

(e:/Application/texlive/2025/texmf-dist/tex/latex/txfonts/t1txr.fd
File: t1txr.fd 2000/12/15 v3.1
)
(./EPLO-elsarticle.aux)
\openout1 = `EPLO-elsarticle.aux'.

LaTeX Font Info:    Checking defaults for OML/txmi/m/it on input line 37.
LaTeX Font Info:    Trying to load font information for OML+txmi on input line 
37.

(e:/Application/texlive/2025/texmf-dist/tex/latex/txfonts/omltxmi.fd
File: omltxmi.fd 2000/12/15 v3.1
)
LaTeX Font Info:    ... okay on input line 37.
LaTeX Font Info:    Checking defaults for OMS/txsy/m/n on input line 37.
LaTeX Font Info:    Trying to load font information for OMS+txsy on input line 
37.

(e:/Application/texlive/2025/texmf-dist/tex/latex/txfonts/omstxsy.fd
File: omstxsy.fd 2000/12/15 v3.1
)
LaTeX Font Info:    ... okay on input line 37.
LaTeX Font Info:    Checking defaults for OT1/cmr/m/n on input line 37.
LaTeX Font Info:    ... okay on input line 37.
LaTeX Font Info:    Checking defaults for T1/cmr/m/n on input line 37.
LaTeX Font Info:    ... okay on input line 37.
LaTeX Font Info:    Checking defaults for TS1/cmr/m/n on input line 37.
LaTeX Font Info:    ... okay on input line 37.
LaTeX Font Info:    Checking defaults for OMX/txex/m/n on input line 37.
LaTeX Font Info:    Trying to load font information for OMX+txex on input line 
37.

(e:/Application/texlive/2025/texmf-dist/tex/latex/txfonts/omxtxex.fd
File: omxtxex.fd 2000/12/15 v3.1
)
LaTeX Font Info:    ... okay on input line 37.
LaTeX Font Info:    Checking defaults for U/txexa/m/n on input line 37.
LaTeX Font Info:    Trying to load font information for U+txexa on input line 3
7.

(e:/Application/texlive/2025/texmf-dist/tex/latex/txfonts/utxexa.fd
File: utxexa.fd 2000/12/15 v3.1
)
LaTeX Font Info:    ... okay on input line 37.
LaTeX Font Info:    Checking defaults for PD1/pdf/m/n on input line 37.
LaTeX Font Info:    ... okay on input line 37.
LaTeX Font Info:    Checking defaults for PU/pdf/m/n on input line 37.
LaTeX Font Info:    ... okay on input line 37.

(e:/Application/texlive/2025/texmf-dist/tex/context/base/mkii/supp-pdf.mkii
[Loading MPS to PDF converter (version 2006.09.02).]
\scratchcounter=\count354
\scratchdimen=\dimen315
\scratchbox=\box105
\nofMPsegments=\count355
\nofMParguments=\count356
\everyMPshowfont=\toks44
\MPscratchCnt=\count357
\MPscratchDim=\dimen316
\MPnumerator=\count358
\makeMPintoPDFobject=\count359
\everyMPtoPDFconversion=\toks45
)
(e:/Application/texlive/2025/texmf-dist/tex/latex/epstopdf-pkg/epstopdf-base.st
y
Package: epstopdf-base 2020-01-24 v2.11 Base part for package epstopdf
Package epstopdf-base Info: Redefining graphics rule for `.eps' on input line 4
85.

(e:/Application/texlive/2025/texmf-dist/tex/latex/latexconfig/epstopdf-sys.cfg
File: epstopdf-sys.cfg 2010/07/13 v1.3 Configuration of (r)epstopdf for TeX Liv
e
))
*geometry* driver: auto-detecting
*geometry* detected driver: pdftex
*geometry* verbose mode - [ preamble ] result:
* driver: pdftex
* paper: custom
* layout: <same size as paper>
* layoutoffset:(h,v)=(0.0pt,0.0pt)
* hratio: 1:1
* vratio: 1:1
* modes: 
* h-part:(L,W,R)=(37.75394pt, 522.0pt, 37.75394pt)
* v-part:(T,H,B)=(81.52342pt, 682.0pt, 81.52342pt)
* \paperwidth=597.50787pt
* \paperheight=845.04684pt
* \textwidth=522.0pt
* \textheight=682.0pt
* \oddsidemargin=-34.51605pt
* \evensidemargin=-34.51605pt
* \topmargin=-52.74657pt
* \headheight=50.0pt
* \headsep=12.0pt
* \topskip=10.0pt
* \footskip=18.0pt
* \marginparwidth=4.0pt
* \marginparsep=10.0pt
* \columnsep=18.0pt
* \skip\footins=24.0pt plus 2.0pt minus 12.0pt
* \hoffset=0.0pt
* \voffset=0.0pt
* \mag=1000
* \@twocolumntrue
* \@twosidefalse
* \@mparswitchfalse
* \@reversemarginfalse
* (1in=72.27pt=25.4mm, 1cm=28.453pt)


(e:/Application/texlive/2025/texmf-dist/tex/latex/translations/translations-bas
ic-dictionary-english.trsl
File: translations-basic-dictionary-english.trsl (english translation file `tra
nslations-basic-dictionary')
)
Package translations Info: loading dictionary `translations-basic-dictionary' f
or `english'. on input line 37.
Package caption Info: Begin \AtBeginDocument code.
Package caption Info: hyperref package is loaded.
Package caption Info: End \AtBeginDocument code.
Package hyperref Info: Link coloring OFF on input line 37.
LaTeX Font Info:    Font shape `T1/txr/b/n' in size <10> not available
(Font)              Font shape `T1/txr/bx/n' tried instead on input line 69.
LaTeX Font Info:    Trying to load font information for TS1+txr on input line 7
6.

(e:/Application/texlive/2025/texmf-dist/tex/latex/txfonts/ts1txr.fd
File: ts1txr.fd 2000/12/15 v3.1
)
LaTeX Font Info:    Trying to load font information for T1+txss on input line 9
4.

(e:/Application/texlive/2025/texmf-dist/tex/latex/txfonts/t1txss.fd
File: t1txss.fd 2000/12/15 v3.1
)
LaTeX Font Info:    Font shape `T1/txss/m/n' will be
(Font)              scaled to size 9.49997pt on input line 94.
LaTeX Font Info:    Font shape `T1/txss/m/n' will be
(Font)              scaled to size 4.74998pt on input line 94.
LaTeX Font Info:    Font shape `T1/txss/b/n' in size <10> not available
(Font)              Font shape `T1/txss/bx/n' tried instead on input line 100.
LaTeX Font Info:    Font shape `T1/txss/bx/n' will be
(Font)              scaled to size 9.49997pt on input line 100.
LaTeX Font Info:    Font shape `T1/txss/b/n' in size <7> not available
(Font)              Font shape `T1/txss/bx/n' tried instead on input line 100.
LaTeX Font Info:    Font shape `T1/txss/bx/n' will be
(Font)              scaled to size 6.64998pt on input line 100.

Underfull \vbox (badness 10000) has occurred while \output is active []






Package hyperref Warning: Token not allowed in a PDF string (Unicode):
(hyperref)                removing `\<def>-command' on input line 134.


Package hyperref Warning: Token not allowed in a PDF string (Unicode):
(hyperref)                removing `\cnotenum' on input line 134.


Package hyperref Warning: Token not allowed in a PDF string (Unicode):
(hyperref)                removing `\<def>-command' on input line 134.


Package hyperref Warning: Token not allowed in a PDF string (Unicode):
(hyperref)                removing `\@corref' on input line 134.

[1

{e:/Application/texlive/2025/texmf-var/fonts/map/pdftex/updmap/pdftex.map}{e:/A
pplication/texlive/2025/texmf-dist/fonts/enc/dvips/base/8r.enc}

]
Underfull \vbox (badness 10000) has occurred while \output is active []





[2


]
LaTeX Font Info:    Trying to load font information for OT1+txr on input line 1
34.
 (e:/Application/texlive/2025/texmf-dist/tex/latex/txfonts/ot1txr.fd
File: ot1txr.fd 2000/12/15 v3.1
)
LaTeX Font Info:    Trying to load font information for U+txmia on input line 1
34.

(e:/Application/texlive/2025/texmf-dist/tex/latex/txfonts/utxmia.fd
File: utxmia.fd 2000/12/15 v3.1
)
LaTeX Font Info:    Trying to load font information for U+msa on input line 134
.

(e:/Application/texlive/2025/texmf-dist/tex/latex/amsfonts/umsa.fd
File: umsa.fd 2013/01/14 v3.01 AMS symbols A
)
LaTeX Font Info:    Trying to load font information for U+msb on input line 134
.

(e:/Application/texlive/2025/texmf-dist/tex/latex/amsfonts/umsb.fd
File: umsb.fd 2013/01/14 v3.01 AMS symbols B
)
LaTeX Font Info:    Trying to load font information for U+txsyc on input line 1
34.

(e:/Application/texlive/2025/texmf-dist/tex/latex/txfonts/utxsyc.fd
File: utxsyc.fd 2000/12/15 v3.1
)


Underfull \vbox (badness 2600) has occurred while \output is active []




pdfTeX warning (ext4): destination with the same identifier (name{page.1}) has 
been already used, duplicate ignored
<to be read again> 
                   \relax 
l.142 
       [1


]
Underfull \hbox (badness 2521) in paragraph at lines 143--144
[]\T1/txr/m/n/10 Parallel to bi-o-log-i-cal metaphors, physics and science-
 []


Underfull \hbox (badness 1755) in paragraph at lines 145--146
\T1/txr/m/n/10 al-go-rithms like the Teaching-Learning-Based Op-ti-miza-tion
 []




Underfull \hbox (badness 1448) in paragraph at lines 154--155
\T1/txr/m/n/10 demon-strates that EPLO achieves faster con-ver-gence,
 []


Underfull \hbox (badness 2452) in paragraph at lines 155--156
\T1/txr/m/n/10 ducer op-ti-miza-tion, plan-e-tary gear trains, multi-disk
 []




pdfTeX warning (ext4): destination with the same identifier (name{page.2}) has 
been already used, duplicate ignored
<to be read again> 
                   \relax 
l.230 \subsection
                 {Problem formulation} [2]



[3]



[4]
Overfull \hbox (2.17795pt too wide) detected at line 378
[][][][]  []\OML/txmi/m/it/10 f []pos[]\OT1/txr/m/n/10 (\OML/txmi/m/it/10 t[]\O
T1/txr/m/n/10 1)[] \OML/txmi/m/it/10 < pBestScore[]
 []

<EPLO_figures/Parallel Migration.jpg, id=195, 1011.78pt x 1027.84pt>
File: EPLO_figures/Parallel Migration.jpg Graphic file (type jpg)
<use EPLO_figures/Parallel Migration.jpg>
Package pdftex.def Info: EPLO_figures/Parallel Migration.jpg  used on input lin
e 392.
(pdftex.def)             Requested size: 252.0pt x 256.00267pt.




[5 <./EPLO_figures/Parallel Migration.jpg>]
LaTeX Font Info:    Font shape `T1/txr/b/n' in size <7> not available
(Font)              Font shape `T1/txr/bx/n' tried instead on input line 488.

Underfull \vbox (badness 10000) has occurred while \output is active []




Underfull \hbox (badness 2903) in paragraph at lines 495--496
\T1/txr/m/n/10 mark func-tions cho-sen for this study. This col-lec-tion
 []



[6]
Underfull \vbox (badness 2529) has occurred while \output is active []




Underfull \vbox (badness 2529) has occurred while \output is active []



[7]

<EPLO_figures/Tension compression spring.png, id=293, 504.88625pt x 252.945pt>
File: EPLO_figures/Tension compression spring.png Graphic file (type png)
<use EPLO_figures/Tension compression spring.png>
Package pdftex.def Info: EPLO_figures/Tension compression spring.png  used on i
nput line 520.
(pdftex.def)             Requested size: 252.0pt x 126.25218pt.
<EPLO_figures/Convergence Curve of the Average Optimal Fitness Value after 30 R
uns of TensionCompression Spring Design (TCSD).jpg, id=294, 965.6075pt x 1027.8
4pt>
File: EPLO_figures/Convergence Curve of the Average Optimal Fitness Value after
 30 Runs of TensionCompression Spring Design (TCSD).jpg Graphic file (type jpg)

<use EPLO_figures/Convergence Curve of the Average Optimal Fitness Value after 
30 Runs of TensionCompression Spring Design (TCSD).jpg>
Package pdftex.def Info: EPLO_figures/Convergence Curve of the Average Optimal 
Fitness Value after 30 Runs of TensionCompression Spring Design (TCSD).jpg  use
d on input line 553.
(pdftex.def)             Requested size: 252.0pt x 268.23584pt.

Overfull \hbox (10.22409pt too wide) in alignment at lines 580--580
[][][][][][] 
 []



[8 <./EPLO_figures/Tension compression spring.png>]

<EPLO_figures/Reducer design issues.jpg, id=312, 1027.84pt x 659.46375pt>
File: EPLO_figures/Reducer design issues.jpg Graphic file (type jpg)
<use EPLO_figures/Reducer design issues.jpg>
Package pdftex.def Info: EPLO_figures/Reducer design issues.jpg  used on input 
line 588.
(pdftex.def)             Requested size: 252.0pt x 161.67569pt.
LaTeX Font Info:    Trying to load font information for OT1+txss on input line 
593.
(e:/Application/texlive/2025/texmf-dist/tex/latex/txfonts/ot1txss.fd
File: ot1txss.fd 2000/12/15 v3.1
)
LaTeX Font Info:    Font shape `OT1/txss/m/n' will be
(Font)              scaled to size 9.49997pt on input line 593.
LaTeX Font Info:    Font shape `OT1/txss/m/n' will be
(Font)              scaled to size 6.64998pt on input line 593.
LaTeX Font Info:    Font shape `OT1/txss/m/n' will be
(Font)              scaled to size 4.74998pt on input line 593.


[9 <./EPLO_figures/Convergence Curve of the Average Optimal Fitness Value after
 30 Runs of TensionCompression Spring Design (TCSD).jpg> <./EPLO_figures/Reduce
r design issues.jpg>]
<EPLO_figures/Convergence Curve of the Average Optimal Fitness Value After 30 R
uns of Gearbox Design Issues.jpg, id=326, 965.6075pt x 1027.84pt>
File: EPLO_figures/Convergence Curve of the Average Optimal Fitness Value After
 30 Runs of Gearbox Design Issues.jpg Graphic file (type jpg)
<use EPLO_figures/Convergence Curve of the Average Optimal Fitness Value After 
30 Runs of Gearbox Design Issues.jpg>
Package pdftex.def Info: EPLO_figures/Convergence Curve of the Average Optimal 
Fitness Value After 30 Runs of Gearbox Design Issues.jpg  used on input line 61
4.
(pdftex.def)             Requested size: 252.0pt x 268.23584pt.
LaTeX Font Info:    Font shape `OT1/txss/m/n' will be
(Font)              scaled to size 7.59998pt on input line 644.
LaTeX Font Info:    Font shape `OT1/txss/m/n' will be
(Font)              scaled to size 5.69998pt on input line 644.


<EPLO_figures/Design Issues of Gear Train.jpg, id=327, 1027.84pt x 413.545pt>
File: EPLO_figures/Design Issues of Gear Train.jpg Graphic file (type jpg)
<use EPLO_figures/Design Issues of Gear Train.jpg>
Package pdftex.def Info: EPLO_figures/Design Issues of Gear Train.jpg  used on 
input line 656.
(pdftex.def)             Requested size: 252.0pt x 101.38567pt.


[10 <./EPLO_figures/Convergence Curve of the Average Optimal Fitness Value Afte
r 30 Runs of Gearbox Design Issues.jpg>]
<EPLO_figures/The convergence curve of the average optimal fitness value after 
30 iterations of the gear system design problem.jpg, id=339, 965.6075pt x 1027.
84pt>
File: EPLO_figures/The convergence curve of the average optimal fitness value a
fter 30 iterations of the gear system design problem.jpg Graphic file (type jpg
)
<use EPLO_figures/The convergence curve of the average optimal fitness value af
ter 30 iterations of the gear system design problem.jpg>
Package pdftex.def Info: EPLO_figures/The convergence curve of the average opti
mal fitness value after 30 iterations of the gear system design problem.jpg  us
ed on input line 673.
(pdftex.def)             Requested size: 252.0pt x 268.23584pt.


<EPLO_figures/Multiple disk clutch brake design.jpg, id=340, 1027.84pt x 881.29
25pt>
File: EPLO_figures/Multiple disk clutch brake design.jpg Graphic file (type jpg
)
<use EPLO_figures/Multiple disk clutch brake design.jpg>
Package pdftex.def Info: EPLO_figures/Multiple disk clutch brake design.jpg  us
ed on input line 709.
(pdftex.def)             Requested size: 252.0pt x 216.05974pt.


[11 <./EPLO_figures/Design Issues of Gear Train.jpg> <./EPLO_figures/The conver
gence curve of the average optimal fitness value after 30 iterations of the gea
r system design problem.jpg>]

<EPLO_figures/The convergence curve of the average optimal fitness value after 
30 operational cycles for the design issues of multi-disc clutch braking.jpg, i
d=353, 907.39pt x 1027.84pt>
File: EPLO_figures/The convergence curve of the average optimal fitness value a
fter 30 operational cycles for the design issues of multi-disc clutch braking.j
pg Graphic file (type jpg)
<use EPLO_figures/The convergence curve of the average optimal fitness value af
ter 30 operational cycles for the design issues of multi-disc clutch braking.jp
g>
Package pdftex.def Info: EPLO_figures/The convergence curve of the average opti
mal fitness value after 30 operational cycles for the design issues of multi-di
sc clutch braking.jpg  used on input line 781.
(pdftex.def)             Requested size: 252.0pt x 285.4407pt.


[12 <./EPLO_figures/Multiple disk clutch brake design.jpg>]
<EPLO_figures/Planetary Gear Train Design.jpg, id=375, 1027.84pt x 980.66376pt>

File: EPLO_figures/Planetary Gear Train Design.jpg Graphic file (type jpg)
<use EPLO_figures/Planetary Gear Train Design.jpg>
Package pdftex.def Info: EPLO_figures/Planetary Gear Train Design.jpg  used on 
input line 816.
(pdftex.def)             Requested size: 252.0pt x 240.42184pt.




[13 <./EPLO_figures/The convergence curve of the average optimal fitness value 
after 30 operational cycles for the design issues of multi-disc clutch braking.
jpg> <./EPLO_figures/Planetary Gear Train Design.jpg>]
<EPLO_figures/Convergence Curve of the Average Optimal Fitness Value after 30 R
uns of Planetary Gear Train Design.jpg, id=391, 908.39375pt x 1027.84pt>
File: EPLO_figures/Convergence Curve of the Average Optimal Fitness Value after
 30 Runs of Planetary Gear Train Design.jpg Graphic file (type jpg)
<use EPLO_figures/Convergence Curve of the Average Optimal Fitness Value after 
30 Runs of Planetary Gear Train Design.jpg>
Package pdftex.def Info: EPLO_figures/Convergence Curve of the Average Optimal 
Fitness Value after 30 Runs of Planetary Gear Train Design.jpg  used on input l
ine 893.
(pdftex.def)             Requested size: 252.0pt x 285.12703pt.

Underfull \hbox (badness 1584) in paragraph at lines 890--923
[]\T1/txr/m/n/10 Initially, al-go-rithm pa-ram-e-ters are ini-tial-ized, in-clu
d-ing
 []



<EPLO_figures/Robot Gripper Design.jpg, id=392, 1027.84pt x 619.31375pt>
File: EPLO_figures/Robot Gripper Design.jpg Graphic file (type jpg)
<use EPLO_figures/Robot Gripper Design.jpg>
Package pdftex.def Info: EPLO_figures/Robot Gripper Design.jpg  used on input l
ine 932.
(pdftex.def)             Requested size: 252.0pt x 151.83241pt.


[14 <./EPLO_figures/Convergence Curve of the Average Optimal Fitness Value afte
r 30 Runs of Planetary Gear Train Design.jpg>]

<EPLO_figures/Convergence Curve of the Average Optimal Fitness Value after 30 R
uns of Robot Gripper Design.jpg, id=407, 907.39pt x 1027.84pt>
File: EPLO_figures/Convergence Curve of the Average Optimal Fitness Value after
 30 Runs of Robot Gripper Design.jpg Graphic file (type jpg)
<use EPLO_figures/Convergence Curve of the Average Optimal Fitness Value after 
30 Runs of Robot Gripper Design.jpg>
Package pdftex.def Info: EPLO_figures/Convergence Curve of the Average Optimal 
Fitness Value after 30 Runs of Robot Gripper Design.jpg  used on input line 996
.
(pdftex.def)             Requested size: 252.0pt x 285.4407pt.

Underfull \hbox (badness 1112) in paragraph at lines 1030--1031
\T1/txr/m/n/10 and-error man-ual meth-ods or heuris-tic de-sign ap-proaches,
 []



[15 <./EPLO_figures/Robot Gripper Design.jpg>]



[16 <./EPLO_figures/Convergence Curve of the Average Optimal Fitness Value afte
r 30 Runs of Robot Gripper Design.jpg>]


Overfull \hbox (3.70468pt too wide) detected at line 1112
[][][]\OML/txmi/m/it/10 x[]\OT1/txr/m/n/10 (\OML/txmi/m/it/10 t\OT1/txr/m/n/10 
; \OML/txmi/m/it/10 ^^\[]\OT1/txr/m/n/10 ) = []
 []



[17]
Underfull \hbox (badness 1087) in paragraph at lines 1164--1164
[]|\T1/txr/m/n/8 Indicator whether an ob-sta-cle was de-
 []





[18{e:/Application/texlive/2025/texmf-dist/fonts/enc/dvips/cm-super/cm-super-t1
.enc}]
Underfull \hbox (badness 10000) in paragraph at lines 1257--1257
[]|\T1/txr/m/n/8 average
 []


Underfull \hbox (badness 10000) in paragraph at lines 1257--1257
\T1/txr/m/n/8 cur-
 []


Underfull \hbox (badness 10000) in paragraph at lines 1257--1257
\T1/txr/m/n/8 va-ture
 []


Underfull \hbox (badness 10000) in paragraph at lines 1257--1257
[]|\T1/txr/m/n/8 number
 []


Underfull \hbox (badness 10000) in paragraph at lines 1257--1257
\T1/txr/m/n/8 flicts
 []


Underfull \hbox (badness 10000) in paragraph at lines 1257--1257
\T1/txr/m/n/8 (mul-
 []


Underfull \hbox (badness 10000) in paragraph at lines 1257--1257
\T1/txr/m/n/8 ti-ple
 []


Overfull \hbox (7.92877pt too wide) in paragraph at lines 1257--1257
[]|\T1/txr/m/n/8 Extremely| 
 []


Overfull \hbox (4.92012pt too wide) in alignment at lines 1304--1304
[][][][][][] 
 []

<EPLO_figures/Operation diagram of multi-path and multi-drone obstacle avoidanc
e planning.jpg, id=477, 1027.84pt x 866.23625pt>
File: EPLO_figures/Operation diagram of multi-path and multi-drone obstacle avo
idance planning.jpg Graphic file (type jpg)
<use EPLO_figures/Operation diagram of multi-path and multi-drone obstacle avoi
dance planning.jpg>
Package pdftex.def Info: EPLO_figures/Operation diagram of multi-path and multi
-drone obstacle avoidance planning.jpg  used on input line 1312.
(pdftex.def)             Requested size: 252.0pt x 212.36853pt.
<EPLO_figures/Real-time performance diagram of dynamic obstacle avoidance.jpg, 
id=479, 1011.78pt x 1027.84pt>
File: EPLO_figures/Real-time performance diagram of dynamic obstacle avoidance.
jpg Graphic file (type jpg)
<use EPLO_figures/Real-time performance diagram of dynamic obstacle avoidance.j
pg>
Package pdftex.def Info: EPLO_figures/Real-time performance diagram of dynamic 
obstacle avoidance.jpg  used on input line 1319.
(pdftex.def)             Requested size: 252.0pt x 256.00267pt.
<EPLO_figures/The EPLO algorithm is used to optimize the fitness curve for unma
nned aerial vehicle (UAV) avoidance.jpg, id=481, 1027.84pt x 881.2925pt>
File: EPLO_figures/The EPLO algorithm is used to optimize the fitness curve for
 unmanned aerial vehicle (UAV) avoidance.jpg Graphic file (type jpg)
<use EPLO_figures/The EPLO algorithm is used to optimize the fitness curve for 
unmanned aerial vehicle (UAV) avoidance.jpg>
Package pdftex.def Info: EPLO_figures/The EPLO algorithm is used to optimize th
e fitness curve for unmanned aerial vehicle (UAV) avoidance.jpg  used on input 
line 1326.
(pdftex.def)             Requested size: 252.0pt x 216.05974pt.




[19 <./EPLO_figures/Operation diagram of multi-path and multi-drone obstacle av
oidance planning.jpg>]
Underfull \vbox (badness 10000) has occurred while \output is active []





[20 <./EPLO_figures/Real-time performance diagram of dynamic obstacle avoidance
.jpg> <./EPLO_figures/The EPLO algorithm is used to optimize the fitness curve 
for unmanned aerial vehicle (UAV) avoidance.jpg>]

<EPLO_figures/Bar chart of average positioning error.jpg, id=522, 1027.84pt x 7
49.80125pt>
File: EPLO_figures/Bar chart of average positioning error.jpg Graphic file (typ
e jpg)
<use EPLO_figures/Bar chart of average positioning error.jpg>
Package pdftex.def Info: EPLO_figures/Bar chart of average positioning error.jp
g  used on input line 1395.
(pdftex.def)             Requested size: 252.0pt x 183.82304pt.
<EPLO_figures/Box plot of positioning error.jpg, id=524, 1027.84pt x 840.13875p
t>
File: EPLO_figures/Box plot of positioning error.jpg Graphic file (type jpg)
<use EPLO_figures/Box plot of positioning error.jpg>
Package pdftex.def Info: EPLO_figures/Box plot of positioning error.jpg  used o
n input line 1403.
(pdftex.def)             Requested size: 252.0pt x 205.9704pt.
<EPLO_figures/Convergence curve comparison chart.jpg, id=526, 1027.84pt x 798.9
85pt>
File: EPLO_figures/Convergence curve comparison chart.jpg Graphic file (type jp
g)
<use EPLO_figures/Convergence curve comparison chart.jpg>
Package pdftex.def Info: EPLO_figures/Convergence curve comparison chart.jpg  u
sed on input line 1411.
(pdftex.def)             Requested size: 252.0pt x 195.88104pt.


[21 <./EPLO_figures/Bar chart of average positioning error.jpg>]
<EPLO_figures/A single-peak terrain surface map with nodes.jpg, id=543, 980.663
76pt x 1027.84pt>
File: EPLO_figures/A single-peak terrain surface map with nodes.jpg Graphic fil
e (type jpg)
<use EPLO_figures/A single-peak terrain surface map with nodes.jpg>
Package pdftex.def Info: EPLO_figures/A single-peak terrain surface map with no
des.jpg  used on input line 1419.
(pdftex.def)             Requested size: 252.0pt x 264.11107pt.


<EPLO_figures/A multi-peak terrain surface map with nodes.jpg, id=545, 1011.78p
t x 1027.84pt>
File: EPLO_figures/A multi-peak terrain surface map with nodes.jpg Graphic file
 (type jpg)
<use EPLO_figures/A multi-peak terrain surface map with nodes.jpg>
Package pdftex.def Info: EPLO_figures/A multi-peak terrain surface map with nod
es.jpg  used on input line 1427.
(pdftex.def)             Requested size: 252.0pt x 256.00267pt.


[22 <./EPLO_figures/Box plot of positioning error.jpg> <./EPLO_figures/Converge
nce curve comparison chart.jpg> <./EPLO_figures/A single-peak terrain surface m
ap with nodes.jpg>]
Underfull \vbox (badness 1009) has occurred while \output is active []





[23 <./EPLO_figures/A multi-peak terrain surface map with nodes.jpg>]



[24]
Underfull \hbox (badness 2495) in paragraph at lines 1565--1566
\T1/txr/m/n/10 tion, Dalian Uni-ver-sity of Tech-nol-ogy, 2021. DOI:
 []




Underfull \hbox (badness 1622) in paragraph at lines 1577--1578
[]\T1/txr/m/n/10 Dhiman G., Ku-mar V., Em-peror pen-guin op-ti-mizer,
 []



[25]



[26]
<EPLO_figures/F3 Convergence Plot.jpg, id=587, 1027.84pt x 1011.78pt>
File: EPLO_figures/F3 Convergence Plot.jpg Graphic file (type jpg)
<use EPLO_figures/F3 Convergence Plot.jpg>
Package pdftex.def Info: EPLO_figures/F3 Convergence Plot.jpg  used on input li
ne 1636.
(pdftex.def)             Requested size: 159.20618pt x 156.7162pt.
<EPLO_figures/F5 Convergence Plot.jpg, id=588, 1027.84pt x 1011.78pt>
File: EPLO_figures/F5 Convergence Plot.jpg Graphic file (type jpg)
<use EPLO_figures/F5 Convergence Plot.jpg>
Package pdftex.def Info: EPLO_figures/F5 Convergence Plot.jpg  used on input li
ne 1640.
(pdftex.def)             Requested size: 159.20618pt x 156.7162pt.
<EPLO_figures/F7 Convergence Plot.jpg, id=589, 1027.84pt x 1011.78pt>
File: EPLO_figures/F7 Convergence Plot.jpg Graphic file (type jpg)
<use EPLO_figures/F7 Convergence Plot.jpg>
Package pdftex.def Info: EPLO_figures/F7 Convergence Plot.jpg  used on input li
ne 1644.
(pdftex.def)             Requested size: 159.20618pt x 156.7162pt.
<EPLO_figures/F9 Convergence Plot.jpg, id=590, 1027.84pt x 1011.78pt>
File: EPLO_figures/F9 Convergence Plot.jpg Graphic file (type jpg)
<use EPLO_figures/F9 Convergence Plot.jpg>
Package pdftex.def Info: EPLO_figures/F9 Convergence Plot.jpg  used on input li
ne 1648.
(pdftex.def)             Requested size: 156.6016pt x 154.15341pt.
<EPLO_figures/F10 Convergence Plot.jpg, id=591, 1027.84pt x 1027.84pt>
File: EPLO_figures/F10 Convergence Plot.jpg Graphic file (type jpg)
<use EPLO_figures/F10 Convergence Plot.jpg>
Package pdftex.def Info: EPLO_figures/F10 Convergence Plot.jpg  used on input l
ine 1652.
(pdftex.def)             Requested size: 156.6016pt x 156.6003pt.
<EPLO_figures/F12 Convergence Plot.jpg, id=592, 1027.84pt x 1011.78pt>
File: EPLO_figures/F12 Convergence Plot.jpg Graphic file (type jpg)
<use EPLO_figures/F12 Convergence Plot.jpg>
Package pdftex.def Info: EPLO_figures/F12 Convergence Plot.jpg  used on input l
ine 1656.
(pdftex.def)             Requested size: 159.20618pt x 156.7162pt.
<EPLO_figures/Algorithm Legend.png, id=593, 745.28438pt x 22.58438pt>
File: EPLO_figures/Algorithm Legend.png Graphic file (type png)
<use EPLO_figures/Algorithm Legend.png>
Package pdftex.def Info: EPLO_figures/Algorithm Legend.png  used on input line 
1662.
(pdftex.def)             Requested size: 469.79681pt x 14.23615pt.
<EPLO_figures/F3 Convergence Plot for CEC2022.jpg, id=595, 1027.84pt x 1011.78p
t>
File: EPLO_figures/F3 Convergence Plot for CEC2022.jpg Graphic file (type jpg)
<use EPLO_figures/F3 Convergence Plot for CEC2022.jpg>
Package pdftex.def Info: EPLO_figures/F3 Convergence Plot for CEC2022.jpg  used
 on input line 1675.
(pdftex.def)             Requested size: 159.20618pt x 156.7162pt.
<EPLO_figures/F4 Convergence Plot for CEC2022.jpg, id=596, 1027.84pt x 1011.78p
t>
File: EPLO_figures/F4 Convergence Plot for CEC2022.jpg Graphic file (type jpg)
<use EPLO_figures/F4 Convergence Plot for CEC2022.jpg>
Package pdftex.def Info: EPLO_figures/F4 Convergence Plot for CEC2022.jpg  used
 on input line 1679.
(pdftex.def)             Requested size: 159.20618pt x 156.7162pt.
<EPLO_figures/F5 Convergence Plot for CEC2022.jpg, id=597, 1027.84pt x 1011.78p
t>
File: EPLO_figures/F5 Convergence Plot for CEC2022.jpg Graphic file (type jpg)
<use EPLO_figures/F5 Convergence Plot for CEC2022.jpg>
Package pdftex.def Info: EPLO_figures/F5 Convergence Plot for CEC2022.jpg  used
 on input line 1683.
(pdftex.def)             Requested size: 159.20618pt x 156.7162pt.
<EPLO_figures/F7 Convergence Plot for CEC2022.jpg, id=598, 1027.84pt x 1011.78p
t>
File: EPLO_figures/F7 Convergence Plot for CEC2022.jpg Graphic file (type jpg)
<use EPLO_figures/F7 Convergence Plot for CEC2022.jpg>
Package pdftex.def Info: EPLO_figures/F7 Convergence Plot for CEC2022.jpg  used
 on input line 1687.
(pdftex.def)             Requested size: 156.6016pt x 154.15341pt.
<EPLO_figures/F9 Convergence Plot for CEC2022.jpg, id=599, 1027.84pt x 1011.78p
t>
File: EPLO_figures/F9 Convergence Plot for CEC2022.jpg Graphic file (type jpg)
<use EPLO_figures/F9 Convergence Plot for CEC2022.jpg>
Package pdftex.def Info: EPLO_figures/F9 Convergence Plot for CEC2022.jpg  used
 on input line 1691.
(pdftex.def)             Requested size: 156.6016pt x 154.15341pt.
<EPLO_figures/F10 Convergence Plot for CEC2022.jpg, id=600, 1027.84pt x 1011.78
pt>
File: EPLO_figures/F10 Convergence Plot for CEC2022.jpg Graphic file (type jpg)

<use EPLO_figures/F10 Convergence Plot for CEC2022.jpg>
Package pdftex.def Info: EPLO_figures/F10 Convergence Plot for CEC2022.jpg  use
d on input line 1695.
(pdftex.def)             Requested size: 159.20618pt x 156.7162pt.
File: EPLO_figures/Algorithm Legend.png Graphic file (type png)
<use EPLO_figures/Algorithm Legend.png>
Package pdftex.def Info: EPLO_figures/Algorithm Legend.png  used on input line 
1701.
(pdftex.def)             Requested size: 469.79681pt x 14.23615pt.




[27

] [28 <./EPLO_figures/F3 Convergence Plot.jpg> <./EPLO_figures/F5 Convergence P
lot.jpg> <./EPLO_figures/F7 Convergence Plot.jpg> <./EPLO_figures/F9 Convergenc
e Plot.jpg> <./EPLO_figures/F10 Convergence Plot.jpg> <./EPLO_figures/F12 Conve
rgence Plot.jpg> <./EPLO_figures/Algorithm Legend.png>] [29 <./EPLO_figures/F3 
Convergence Plot for CEC2022.jpg> <./EPLO_figures/F4 Convergence Plot for CEC20
22.jpg> <./EPLO_figures/F5 Convergence Plot for CEC2022.jpg> <./EPLO_figures/F7
 Convergence Plot for CEC2022.jpg> <./EPLO_figures/F9 Convergence Plot for CEC2
022.jpg> <./EPLO_figures/F10 Convergence Plot for CEC2022.jpg>] [30]
[31] (./EPLO-elsarticle.aux)
 ***********
LaTeX2e <2024-11-01> patch level 2
L3 programming layer <2025-01-18>
 ***********
 ) 
Here is how much of TeX's memory you used:
 32183 strings out of 473190
 668956 string characters out of 5713727
 1068482 words of memory out of 5000000
 54545 multiletter control sequences out of 15000+600000
 645855 words of font info for 173 fonts, out of 8000000 for 9000
 1141 hyphenation exceptions out of 8191
 84i,14n,91p,2712b,1335s stack positions out of 10000i,1000n,20000p,200000b,200000s
<e:/Application/texlive/2025/texmf-dist/fonts/type1/public/amsfonts/symbols/m
sbm10.pfb><e:/Application/texlive/2025/texmf-dist/fonts/type1/public/amsfonts/s
ymbols/msbm7.pfb><e:/Application/texlive/2025/texmf-dist/fonts/type1/public/txf
onts/rtcxr.pfb><e:/Application/texlive/2025/texmf-dist/fonts/type1/public/txfon
ts/rtxi.pfb><e:/Application/texlive/2025/texmf-dist/fonts/type1/public/txfonts/
rtxmi.pfb><e:/Application/texlive/2025/texmf-dist/fonts/type1/public/txfonts/rt
xr.pfb><e:/Application/texlive/2025/texmf-dist/fonts/type1/public/cm-super/sftt
1000.pfb><e:/Application/texlive/2025/texmf-dist/fonts/type1/public/txfonts/txe
x.pfb><e:/Application/texlive/2025/texmf-dist/fonts/type1/public/txfonts/txexa.
pfb><e:/Application/texlive/2025/texmf-dist/fonts/type1/public/txfonts/txsy.pfb
><e:/Application/texlive/2025/texmf-dist/fonts/type1/public/txfonts/txsyc.pfb><
e:/Application/texlive/2025/texmf-dist/fonts/type1/urw/helvetic/uhvb8a.pfb><e:/
Application/texlive/2025/texmf-dist/fonts/type1/urw/helvetic/uhvr8a.pfb><e:/App
lication/texlive/2025/texmf-dist/fonts/type1/urw/times/utmb8a.pfb><e:/Applicati
on/texlive/2025/texmf-dist/fonts/type1/urw/times/utmr8a.pfb><e:/Application/tex
live/2025/texmf-dist/fonts/type1/urw/times/utmri8a.pfb>
Output written on EPLO-elsarticle.pdf (33 pages, 3485918 bytes).
PDF statistics:
 969 PDF objects out of 1000 (max. 8388607)
 842 compressed objects within 9 object streams
 342 named destinations out of 1000 (max. 500000)
 815 words of extra memory for PDF output out of 10000 (max. 10000000)

