18:02:54 INFO  : Registering command handlers for SDK TCF services
18:02:55 INFO  : Launching XSCT server: xsct.bat -interactive C:\Users\space\Desktop\FPGA_workspace\23_cde_emc_task_01\project_1\project_1.sdk\temp_xsdb_launch_script.tcl
18:02:58 INFO  : XSCT server has started successfully.
18:02:58 INFO  : Successfully done setting XSCT server connection channel  
18:03:00 INFO  : Successfully done setting SDK workspace  
18:03:00 INFO  : Processing command line option -hwspec C:/Users/space/Desktop/FPGA_workspace/23_cde_emc_task_01/project_1/project_1.sdk/design_1_wrapper.hdf.
19:31:36 INFO  : Connected to target on host '127.0.0.1' and port '3121'.
19:31:36 INFO  : 'targets -set -filter {jtag_cable_name =~ "Digilent JTAG-HS1 210512180081" && level==0} -index 1' command is executed.
19:31:40 INFO  : FPGA configured successfully with bitstream "C:/Users/space/Desktop/FPGA_workspace/23_cde_emc_task_01/project_1/project_1.sdk/design_1_wrapper_hw_platform_0/design_1_wrapper.bit"
19:32:14 INFO  : 'targets -set -filter {jtag_cable_name =~ "Digilent JTAG-HS1 210512180081" && level==0} -index 1' command is executed.
19:32:14 INFO  : 'fpga -state' command is executed.
19:32:14 INFO  : Connected to target on host '127.0.0.1' and port '3121'.
19:32:14 INFO  : Jtag cable 'Digilent JTAG-HS1 210512180081' is selected.
19:32:14 INFO  : 'jtag frequency' command is executed.
19:32:14 INFO  : Sourcing of 'C:/Users/space/Desktop/FPGA_workspace/23_cde_emc_task_01/project_1/project_1.sdk/design_1_wrapper_hw_platform_0/ps7_init.tcl' is done.
19:32:14 INFO  : Context for 'APU' is selected.
19:32:14 INFO  : Hardware design information is loaded from 'C:/Users/space/Desktop/FPGA_workspace/23_cde_emc_task_01/project_1/project_1.sdk/design_1_wrapper_hw_platform_0/system.hdf'.
19:32:14 INFO  : 'configparams force-mem-access 1' command is executed.
19:32:14 INFO  : Context for 'APU' is selected.
19:32:14 INFO  : 'stop' command is executed.
19:32:15 INFO  : 'ps7_init' command is executed.
19:32:15 INFO  : 'ps7_post_config' command is executed.
19:32:15 INFO  : Context for processor 'ps7_cortexa9_0' is selected.
19:32:15 INFO  : Processor reset is completed for 'ps7_cortexa9_0'.
19:32:15 INFO  : Context for processor 'ps7_cortexa9_0' is selected.
19:32:15 INFO  : The application 'C:/Users/space/Desktop/FPGA_workspace/23_cde_emc_task_01/project_1/project_1.sdk/hhh/Debug/hhh.elf' is downloaded to processor 'ps7_cortexa9_0'.
19:32:15 INFO  : 'configparams force-mem-access 0' command is executed.
19:32:15 INFO  : ----------------XSDB Script----------------
connect -url tcp:127.0.0.1:3121
source C:/Users/space/Desktop/FPGA_workspace/23_cde_emc_task_01/project_1/project_1.sdk/design_1_wrapper_hw_platform_0/ps7_init.tcl
targets -set -nocase -filter {name =~"APU*" && jtag_cable_name =~ "Digilent JTAG-HS1 210512180081"} -index 0
loadhw -hw C:/Users/space/Desktop/FPGA_workspace/23_cde_emc_task_01/project_1/project_1.sdk/design_1_wrapper_hw_platform_0/system.hdf -mem-ranges [list {0x40000000 0xbfffffff}]
configparams force-mem-access 1
targets -set -nocase -filter {name =~"APU*" && jtag_cable_name =~ "Digilent JTAG-HS1 210512180081"} -index 0
stop
ps7_init
ps7_post_config
targets -set -nocase -filter {name =~ "ARM*#0" && jtag_cable_name =~ "Digilent JTAG-HS1 210512180081"} -index 0
rst -processor
targets -set -nocase -filter {name =~ "ARM*#0" && jtag_cable_name =~ "Digilent JTAG-HS1 210512180081"} -index 0
dow C:/Users/space/Desktop/FPGA_workspace/23_cde_emc_task_01/project_1/project_1.sdk/hhh/Debug/hhh.elf
configparams force-mem-access 0
----------------End of Script----------------

19:32:15 INFO  : Memory regions updated for context APU
19:32:15 INFO  : Context for processor 'ps7_cortexa9_0' is selected.
19:32:15 INFO  : 'con' command is executed.
19:32:15 INFO  : ----------------XSDB Script (After Launch)----------------
targets -set -nocase -filter {name =~ "ARM*#0" && jtag_cable_name =~ "Digilent JTAG-HS1 210512180081"} -index 0
con
----------------End of Script----------------

19:32:15 INFO  : Launch script is exported to file 'C:\Users\space\Desktop\FPGA_workspace\23_cde_emc_task_01\project_1\project_1.sdk\.sdk\launch_scripts\xilinx_c-c++_application_(system_debugger)\system_debugger_using_debug_hhh.elf_on_local.tcl'
19:32:44 INFO  : Disconnected from the channel tcfchan#1.
19:32:45 INFO  : 'targets -set -filter {jtag_cable_name =~ "Digilent JTAG-HS1 210512180081" && level==0} -index 1' command is executed.
19:32:45 INFO  : 'fpga -state' command is executed.
19:32:45 INFO  : Connected to target on host '127.0.0.1' and port '3121'.
19:32:45 INFO  : Jtag cable 'Digilent JTAG-HS1 210512180081' is selected.
19:32:45 INFO  : 'jtag frequency' command is executed.
19:32:45 INFO  : Sourcing of 'C:/Users/space/Desktop/FPGA_workspace/23_cde_emc_task_01/project_1/project_1.sdk/design_1_wrapper_hw_platform_0/ps7_init.tcl' is done.
19:32:45 INFO  : Context for 'APU' is selected.
19:32:46 INFO  : Hardware design information is loaded from 'C:/Users/space/Desktop/FPGA_workspace/23_cde_emc_task_01/project_1/project_1.sdk/design_1_wrapper_hw_platform_0/system.hdf'.
19:32:46 INFO  : 'configparams force-mem-access 1' command is executed.
19:32:46 INFO  : Context for 'APU' is selected.
19:32:46 INFO  : 'stop' command is executed.
19:32:47 INFO  : 'ps7_init' command is executed.
19:32:47 INFO  : 'ps7_post_config' command is executed.
19:32:47 INFO  : Context for processor 'ps7_cortexa9_0' is selected.
19:32:47 INFO  : Processor reset is completed for 'ps7_cortexa9_0'.
19:32:47 INFO  : Context for processor 'ps7_cortexa9_0' is selected.
19:32:47 INFO  : The application 'C:/Users/space/Desktop/FPGA_workspace/23_cde_emc_task_01/project_1/project_1.sdk/hhh/Debug/hhh.elf' is downloaded to processor 'ps7_cortexa9_0'.
19:32:47 INFO  : 'configparams force-mem-access 0' command is executed.
19:32:47 INFO  : ----------------XSDB Script----------------
connect -url tcp:127.0.0.1:3121
source C:/Users/space/Desktop/FPGA_workspace/23_cde_emc_task_01/project_1/project_1.sdk/design_1_wrapper_hw_platform_0/ps7_init.tcl
targets -set -nocase -filter {name =~"APU*" && jtag_cable_name =~ "Digilent JTAG-HS1 210512180081"} -index 0
loadhw -hw C:/Users/space/Desktop/FPGA_workspace/23_cde_emc_task_01/project_1/project_1.sdk/design_1_wrapper_hw_platform_0/system.hdf -mem-ranges [list {0x40000000 0xbfffffff}]
configparams force-mem-access 1
targets -set -nocase -filter {name =~"APU*" && jtag_cable_name =~ "Digilent JTAG-HS1 210512180081"} -index 0
stop
ps7_init
ps7_post_config
targets -set -nocase -filter {name =~ "ARM*#0" && jtag_cable_name =~ "Digilent JTAG-HS1 210512180081"} -index 0
rst -processor
targets -set -nocase -filter {name =~ "ARM*#0" && jtag_cable_name =~ "Digilent JTAG-HS1 210512180081"} -index 0
dow C:/Users/space/Desktop/FPGA_workspace/23_cde_emc_task_01/project_1/project_1.sdk/hhh/Debug/hhh.elf
configparams force-mem-access 0
----------------End of Script----------------

19:32:47 INFO  : Memory regions updated for context APU
19:32:47 INFO  : Context for processor 'ps7_cortexa9_0' is selected.
19:32:47 INFO  : 'con' command is executed.
19:32:47 INFO  : ----------------XSDB Script (After Launch)----------------
targets -set -nocase -filter {name =~ "ARM*#0" && jtag_cable_name =~ "Digilent JTAG-HS1 210512180081"} -index 0
con
----------------End of Script----------------

19:32:47 INFO  : Launch script is exported to file 'C:\Users\space\Desktop\FPGA_workspace\23_cde_emc_task_01\project_1\project_1.sdk\.sdk\launch_scripts\xilinx_c-c++_application_(system_debugger)\system_debugger_using_debug_hhh.elf_on_local.tcl'
19:33:19 INFO  : Disconnected from the channel tcfchan#2.
19:33:20 INFO  : 'targets -set -filter {jtag_cable_name =~ "Digilent JTAG-HS1 210512180081" && level==0} -index 1' command is executed.
19:33:20 INFO  : 'fpga -state' command is executed.
19:33:20 INFO  : Connected to target on host '127.0.0.1' and port '3121'.
19:33:20 INFO  : Jtag cable 'Digilent JTAG-HS1 210512180081' is selected.
19:33:20 INFO  : 'jtag frequency' command is executed.
19:33:20 INFO  : Sourcing of 'C:/Users/space/Desktop/FPGA_workspace/23_cde_emc_task_01/project_1/project_1.sdk/design_1_wrapper_hw_platform_0/ps7_init.tcl' is done.
19:33:21 INFO  : Context for 'APU' is selected.
19:33:21 INFO  : Hardware design information is loaded from 'C:/Users/space/Desktop/FPGA_workspace/23_cde_emc_task_01/project_1/project_1.sdk/design_1_wrapper_hw_platform_0/system.hdf'.
19:33:21 INFO  : 'configparams force-mem-access 1' command is executed.
19:33:21 INFO  : Context for 'APU' is selected.
19:33:22 INFO  : 'stop' command is executed.
19:33:22 INFO  : 'ps7_init' command is executed.
19:33:22 INFO  : 'ps7_post_config' command is executed.
19:33:22 INFO  : Context for processor 'ps7_cortexa9_0' is selected.
19:33:22 INFO  : Processor reset is completed for 'ps7_cortexa9_0'.
19:33:22 INFO  : Context for processor 'ps7_cortexa9_0' is selected.
19:33:22 INFO  : The application 'C:/Users/space/Desktop/FPGA_workspace/23_cde_emc_task_01/project_1/project_1.sdk/hhh/Debug/hhh.elf' is downloaded to processor 'ps7_cortexa9_0'.
19:33:22 INFO  : 'configparams force-mem-access 0' command is executed.
19:33:22 INFO  : ----------------XSDB Script----------------
connect -url tcp:127.0.0.1:3121
source C:/Users/space/Desktop/FPGA_workspace/23_cde_emc_task_01/project_1/project_1.sdk/design_1_wrapper_hw_platform_0/ps7_init.tcl
targets -set -nocase -filter {name =~"APU*" && jtag_cable_name =~ "Digilent JTAG-HS1 210512180081"} -index 0
loadhw -hw C:/Users/space/Desktop/FPGA_workspace/23_cde_emc_task_01/project_1/project_1.sdk/design_1_wrapper_hw_platform_0/system.hdf -mem-ranges [list {0x40000000 0xbfffffff}]
configparams force-mem-access 1
targets -set -nocase -filter {name =~"APU*" && jtag_cable_name =~ "Digilent JTAG-HS1 210512180081"} -index 0
stop
ps7_init
ps7_post_config
targets -set -nocase -filter {name =~ "ARM*#0" && jtag_cable_name =~ "Digilent JTAG-HS1 210512180081"} -index 0
rst -processor
targets -set -nocase -filter {name =~ "ARM*#0" && jtag_cable_name =~ "Digilent JTAG-HS1 210512180081"} -index 0
dow C:/Users/space/Desktop/FPGA_workspace/23_cde_emc_task_01/project_1/project_1.sdk/hhh/Debug/hhh.elf
configparams force-mem-access 0
----------------End of Script----------------

19:33:22 INFO  : Memory regions updated for context APU
19:33:22 INFO  : Context for processor 'ps7_cortexa9_0' is selected.
19:33:22 INFO  : 'con' command is executed.
19:33:22 INFO  : ----------------XSDB Script (After Launch)----------------
targets -set -nocase -filter {name =~ "ARM*#0" && jtag_cable_name =~ "Digilent JTAG-HS1 210512180081"} -index 0
con
----------------End of Script----------------

19:33:22 INFO  : Launch script is exported to file 'C:\Users\space\Desktop\FPGA_workspace\23_cde_emc_task_01\project_1\project_1.sdk\.sdk\launch_scripts\xilinx_c-c++_application_(system_debugger)\system_debugger_using_debug_hhh.elf_on_local.tcl'
19:33:50 INFO  : Disconnected from the channel tcfchan#3.
19:33:51 INFO  : 'targets -set -filter {jtag_cable_name =~ "Digilent JTAG-HS1 210512180081" && level==0} -index 1' command is executed.
19:33:51 INFO  : 'fpga -state' command is executed.
19:33:51 INFO  : Connected to target on host '127.0.0.1' and port '3121'.
19:33:51 INFO  : Jtag cable 'Digilent JTAG-HS1 210512180081' is selected.
19:33:51 INFO  : 'jtag frequency' command is executed.
19:33:51 INFO  : Sourcing of 'C:/Users/space/Desktop/FPGA_workspace/23_cde_emc_task_01/project_1/project_1.sdk/design_1_wrapper_hw_platform_0/ps7_init.tcl' is done.
19:33:51 INFO  : Context for 'APU' is selected.
19:33:52 INFO  : Hardware design information is loaded from 'C:/Users/space/Desktop/FPGA_workspace/23_cde_emc_task_01/project_1/project_1.sdk/design_1_wrapper_hw_platform_0/system.hdf'.
19:33:52 INFO  : 'configparams force-mem-access 1' command is executed.
19:33:52 INFO  : Context for 'APU' is selected.
19:33:52 INFO  : 'stop' command is executed.
19:33:53 INFO  : 'ps7_init' command is executed.
19:33:53 INFO  : 'ps7_post_config' command is executed.
19:33:53 INFO  : Context for processor 'ps7_cortexa9_0' is selected.
19:33:53 INFO  : Processor reset is completed for 'ps7_cortexa9_0'.
19:33:53 INFO  : Context for processor 'ps7_cortexa9_0' is selected.
19:33:53 INFO  : The application 'C:/Users/space/Desktop/FPGA_workspace/23_cde_emc_task_01/project_1/project_1.sdk/hhh/Debug/hhh.elf' is downloaded to processor 'ps7_cortexa9_0'.
19:33:53 INFO  : 'configparams force-mem-access 0' command is executed.
19:33:53 INFO  : ----------------XSDB Script----------------
connect -url tcp:127.0.0.1:3121
source C:/Users/space/Desktop/FPGA_workspace/23_cde_emc_task_01/project_1/project_1.sdk/design_1_wrapper_hw_platform_0/ps7_init.tcl
targets -set -nocase -filter {name =~"APU*" && jtag_cable_name =~ "Digilent JTAG-HS1 210512180081"} -index 0
loadhw -hw C:/Users/space/Desktop/FPGA_workspace/23_cde_emc_task_01/project_1/project_1.sdk/design_1_wrapper_hw_platform_0/system.hdf -mem-ranges [list {0x40000000 0xbfffffff}]
configparams force-mem-access 1
targets -set -nocase -filter {name =~"APU*" && jtag_cable_name =~ "Digilent JTAG-HS1 210512180081"} -index 0
stop
ps7_init
ps7_post_config
targets -set -nocase -filter {name =~ "ARM*#0" && jtag_cable_name =~ "Digilent JTAG-HS1 210512180081"} -index 0
rst -processor
targets -set -nocase -filter {name =~ "ARM*#0" && jtag_cable_name =~ "Digilent JTAG-HS1 210512180081"} -index 0
dow C:/Users/space/Desktop/FPGA_workspace/23_cde_emc_task_01/project_1/project_1.sdk/hhh/Debug/hhh.elf
configparams force-mem-access 0
----------------End of Script----------------

19:33:53 INFO  : Memory regions updated for context APU
19:33:53 INFO  : Context for processor 'ps7_cortexa9_0' is selected.
19:33:53 INFO  : 'con' command is executed.
19:33:53 INFO  : ----------------XSDB Script (After Launch)----------------
targets -set -nocase -filter {name =~ "ARM*#0" && jtag_cable_name =~ "Digilent JTAG-HS1 210512180081"} -index 0
con
----------------End of Script----------------

19:33:53 INFO  : Launch script is exported to file 'C:\Users\space\Desktop\FPGA_workspace\23_cde_emc_task_01\project_1\project_1.sdk\.sdk\launch_scripts\xilinx_c-c++_application_(system_debugger)\system_debugger_using_debug_hhh.elf_on_local.tcl'
19:35:08 INFO  : Disconnected from the channel tcfchan#4.
19:35:09 INFO  : 'targets -set -filter {jtag_cable_name =~ "Digilent JTAG-HS1 210512180081" && level==0} -index 1' command is executed.
19:35:09 INFO  : 'fpga -state' command is executed.
19:35:09 INFO  : Connected to target on host '127.0.0.1' and port '3121'.
19:35:09 INFO  : Jtag cable 'Digilent JTAG-HS1 210512180081' is selected.
19:35:09 INFO  : 'jtag frequency' command is executed.
19:35:09 INFO  : Sourcing of 'C:/Users/space/Desktop/FPGA_workspace/23_cde_emc_task_01/project_1/project_1.sdk/design_1_wrapper_hw_platform_0/ps7_init.tcl' is done.
19:35:09 INFO  : Context for 'APU' is selected.
19:35:10 INFO  : Hardware design information is loaded from 'C:/Users/space/Desktop/FPGA_workspace/23_cde_emc_task_01/project_1/project_1.sdk/design_1_wrapper_hw_platform_0/system.hdf'.
19:35:10 INFO  : 'configparams force-mem-access 1' command is executed.
19:35:10 INFO  : Context for 'APU' is selected.
19:35:10 INFO  : 'stop' command is executed.
19:35:11 INFO  : 'ps7_init' command is executed.
19:35:11 INFO  : 'ps7_post_config' command is executed.
19:35:11 INFO  : Context for processor 'ps7_cortexa9_0' is selected.
19:35:11 INFO  : Processor reset is completed for 'ps7_cortexa9_0'.
19:35:11 INFO  : Context for processor 'ps7_cortexa9_0' is selected.
19:35:11 INFO  : The application 'C:/Users/space/Desktop/FPGA_workspace/23_cde_emc_task_01/project_1/project_1.sdk/hhh/Debug/hhh.elf' is downloaded to processor 'ps7_cortexa9_0'.
19:35:11 INFO  : 'configparams force-mem-access 0' command is executed.
19:35:11 INFO  : ----------------XSDB Script----------------
connect -url tcp:127.0.0.1:3121
source C:/Users/space/Desktop/FPGA_workspace/23_cde_emc_task_01/project_1/project_1.sdk/design_1_wrapper_hw_platform_0/ps7_init.tcl
targets -set -nocase -filter {name =~"APU*" && jtag_cable_name =~ "Digilent JTAG-HS1 210512180081"} -index 0
loadhw -hw C:/Users/space/Desktop/FPGA_workspace/23_cde_emc_task_01/project_1/project_1.sdk/design_1_wrapper_hw_platform_0/system.hdf -mem-ranges [list {0x40000000 0xbfffffff}]
configparams force-mem-access 1
targets -set -nocase -filter {name =~"APU*" && jtag_cable_name =~ "Digilent JTAG-HS1 210512180081"} -index 0
stop
ps7_init
ps7_post_config
targets -set -nocase -filter {name =~ "ARM*#0" && jtag_cable_name =~ "Digilent JTAG-HS1 210512180081"} -index 0
rst -processor
targets -set -nocase -filter {name =~ "ARM*#0" && jtag_cable_name =~ "Digilent JTAG-HS1 210512180081"} -index 0
dow C:/Users/space/Desktop/FPGA_workspace/23_cde_emc_task_01/project_1/project_1.sdk/hhh/Debug/hhh.elf
configparams force-mem-access 0
----------------End of Script----------------

19:35:11 INFO  : Memory regions updated for context APU
19:35:11 INFO  : Context for processor 'ps7_cortexa9_0' is selected.
19:35:11 INFO  : 'con' command is executed.
19:35:11 INFO  : ----------------XSDB Script (After Launch)----------------
targets -set -nocase -filter {name =~ "ARM*#0" && jtag_cable_name =~ "Digilent JTAG-HS1 210512180081"} -index 0
con
----------------End of Script----------------

19:35:11 INFO  : Launch script is exported to file 'C:\Users\space\Desktop\FPGA_workspace\23_cde_emc_task_01\project_1\project_1.sdk\.sdk\launch_scripts\xilinx_c-c++_application_(system_debugger)\system_debugger_using_debug_hhh.elf_on_local.tcl'
19:35:19 INFO  : Disconnected from the channel tcfchan#5.
19:35:20 INFO  : 'targets -set -filter {jtag_cable_name =~ "Digilent JTAG-HS1 210512180081" && level==0} -index 1' command is executed.
19:35:20 INFO  : 'fpga -state' command is executed.
19:35:20 INFO  : Connected to target on host '127.0.0.1' and port '3121'.
19:35:20 INFO  : Jtag cable 'Digilent JTAG-HS1 210512180081' is selected.
19:35:20 INFO  : 'jtag frequency' command is executed.
19:35:20 INFO  : Sourcing of 'C:/Users/space/Desktop/FPGA_workspace/23_cde_emc_task_01/project_1/project_1.sdk/design_1_wrapper_hw_platform_0/ps7_init.tcl' is done.
19:35:20 INFO  : Context for 'APU' is selected.
19:35:21 INFO  : Hardware design information is loaded from 'C:/Users/space/Desktop/FPGA_workspace/23_cde_emc_task_01/project_1/project_1.sdk/design_1_wrapper_hw_platform_0/system.hdf'.
19:35:21 INFO  : 'configparams force-mem-access 1' command is executed.
19:35:21 INFO  : Context for 'APU' is selected.
19:35:21 INFO  : 'stop' command is executed.
19:35:21 INFO  : 'ps7_init' command is executed.
19:35:21 INFO  : 'ps7_post_config' command is executed.
19:35:21 INFO  : Context for processor 'ps7_cortexa9_0' is selected.
19:35:21 INFO  : Processor reset is completed for 'ps7_cortexa9_0'.
19:35:21 INFO  : Context for processor 'ps7_cortexa9_0' is selected.
19:35:21 INFO  : The application 'C:/Users/space/Desktop/FPGA_workspace/23_cde_emc_task_01/project_1/project_1.sdk/hhh/Debug/hhh.elf' is downloaded to processor 'ps7_cortexa9_0'.
19:35:21 INFO  : 'configparams force-mem-access 0' command is executed.
19:35:21 INFO  : ----------------XSDB Script----------------
connect -url tcp:127.0.0.1:3121
source C:/Users/space/Desktop/FPGA_workspace/23_cde_emc_task_01/project_1/project_1.sdk/design_1_wrapper_hw_platform_0/ps7_init.tcl
targets -set -nocase -filter {name =~"APU*" && jtag_cable_name =~ "Digilent JTAG-HS1 210512180081"} -index 0
loadhw -hw C:/Users/space/Desktop/FPGA_workspace/23_cde_emc_task_01/project_1/project_1.sdk/design_1_wrapper_hw_platform_0/system.hdf -mem-ranges [list {0x40000000 0xbfffffff}]
configparams force-mem-access 1
targets -set -nocase -filter {name =~"APU*" && jtag_cable_name =~ "Digilent JTAG-HS1 210512180081"} -index 0
stop
ps7_init
ps7_post_config
targets -set -nocase -filter {name =~ "ARM*#0" && jtag_cable_name =~ "Digilent JTAG-HS1 210512180081"} -index 0
rst -processor
targets -set -nocase -filter {name =~ "ARM*#0" && jtag_cable_name =~ "Digilent JTAG-HS1 210512180081"} -index 0
dow C:/Users/space/Desktop/FPGA_workspace/23_cde_emc_task_01/project_1/project_1.sdk/hhh/Debug/hhh.elf
configparams force-mem-access 0
----------------End of Script----------------

19:35:22 INFO  : Memory regions updated for context APU
19:35:22 INFO  : Context for processor 'ps7_cortexa9_0' is selected.
19:35:22 INFO  : 'con' command is executed.
19:35:22 INFO  : ----------------XSDB Script (After Launch)----------------
targets -set -nocase -filter {name =~ "ARM*#0" && jtag_cable_name =~ "Digilent JTAG-HS1 210512180081"} -index 0
con
----------------End of Script----------------

19:35:22 INFO  : Launch script is exported to file 'C:\Users\space\Desktop\FPGA_workspace\23_cde_emc_task_01\project_1\project_1.sdk\.sdk\launch_scripts\xilinx_c-c++_application_(system_debugger)\system_debugger_using_debug_hhh.elf_on_local.tcl'
19:36:13 INFO  : Disconnected from the channel tcfchan#6.
19:36:14 INFO  : 'targets -set -filter {jtag_cable_name =~ "Digilent JTAG-HS1 210512180081" && level==0} -index 1' command is executed.
19:36:14 INFO  : 'fpga -state' command is executed.
19:36:14 INFO  : Connected to target on host '127.0.0.1' and port '3121'.
19:36:14 INFO  : Jtag cable 'Digilent JTAG-HS1 210512180081' is selected.
19:36:14 INFO  : 'jtag frequency' command is executed.
19:36:14 INFO  : Sourcing of 'C:/Users/space/Desktop/FPGA_workspace/23_cde_emc_task_01/project_1/project_1.sdk/design_1_wrapper_hw_platform_0/ps7_init.tcl' is done.
19:36:14 INFO  : Context for 'APU' is selected.
19:36:15 INFO  : Hardware design information is loaded from 'C:/Users/space/Desktop/FPGA_workspace/23_cde_emc_task_01/project_1/project_1.sdk/design_1_wrapper_hw_platform_0/system.hdf'.
19:36:15 INFO  : 'configparams force-mem-access 1' command is executed.
19:36:15 INFO  : Context for 'APU' is selected.
19:36:15 INFO  : 'stop' command is executed.
19:36:15 INFO  : 'ps7_init' command is executed.
19:36:15 INFO  : 'ps7_post_config' command is executed.
19:36:15 INFO  : Context for processor 'ps7_cortexa9_0' is selected.
19:36:15 INFO  : Processor reset is completed for 'ps7_cortexa9_0'.
19:36:15 INFO  : Context for processor 'ps7_cortexa9_0' is selected.
19:36:16 INFO  : The application 'C:/Users/space/Desktop/FPGA_workspace/23_cde_emc_task_01/project_1/project_1.sdk/hhh/Debug/hhh.elf' is downloaded to processor 'ps7_cortexa9_0'.
19:36:16 INFO  : 'configparams force-mem-access 0' command is executed.
19:36:16 INFO  : ----------------XSDB Script----------------
connect -url tcp:127.0.0.1:3121
source C:/Users/space/Desktop/FPGA_workspace/23_cde_emc_task_01/project_1/project_1.sdk/design_1_wrapper_hw_platform_0/ps7_init.tcl
targets -set -nocase -filter {name =~"APU*" && jtag_cable_name =~ "Digilent JTAG-HS1 210512180081"} -index 0
loadhw -hw C:/Users/space/Desktop/FPGA_workspace/23_cde_emc_task_01/project_1/project_1.sdk/design_1_wrapper_hw_platform_0/system.hdf -mem-ranges [list {0x40000000 0xbfffffff}]
configparams force-mem-access 1
targets -set -nocase -filter {name =~"APU*" && jtag_cable_name =~ "Digilent JTAG-HS1 210512180081"} -index 0
stop
ps7_init
ps7_post_config
targets -set -nocase -filter {name =~ "ARM*#0" && jtag_cable_name =~ "Digilent JTAG-HS1 210512180081"} -index 0
rst -processor
targets -set -nocase -filter {name =~ "ARM*#0" && jtag_cable_name =~ "Digilent JTAG-HS1 210512180081"} -index 0
dow C:/Users/space/Desktop/FPGA_workspace/23_cde_emc_task_01/project_1/project_1.sdk/hhh/Debug/hhh.elf
configparams force-mem-access 0
----------------End of Script----------------

19:36:16 INFO  : Memory regions updated for context APU
19:36:16 INFO  : Context for processor 'ps7_cortexa9_0' is selected.
19:36:16 INFO  : 'con' command is executed.
19:36:16 INFO  : ----------------XSDB Script (After Launch)----------------
targets -set -nocase -filter {name =~ "ARM*#0" && jtag_cable_name =~ "Digilent JTAG-HS1 210512180081"} -index 0
con
----------------End of Script----------------

19:36:16 INFO  : Launch script is exported to file 'C:\Users\space\Desktop\FPGA_workspace\23_cde_emc_task_01\project_1\project_1.sdk\.sdk\launch_scripts\xilinx_c-c++_application_(system_debugger)\system_debugger_using_debug_hhh.elf_on_local.tcl'
19:36:28 INFO  : Disconnected from the channel tcfchan#7.
19:36:29 INFO  : 'targets -set -filter {jtag_cable_name =~ "Digilent JTAG-HS1 210512180081" && level==0} -index 1' command is executed.
19:36:29 INFO  : 'fpga -state' command is executed.
19:36:29 INFO  : Connected to target on host '127.0.0.1' and port '3121'.
19:36:29 INFO  : Jtag cable 'Digilent JTAG-HS1 210512180081' is selected.
19:36:29 INFO  : 'jtag frequency' command is executed.
19:36:29 INFO  : Sourcing of 'C:/Users/space/Desktop/FPGA_workspace/23_cde_emc_task_01/project_1/project_1.sdk/design_1_wrapper_hw_platform_0/ps7_init.tcl' is done.
19:36:29 INFO  : Context for 'APU' is selected.
19:36:30 INFO  : Hardware design information is loaded from 'C:/Users/space/Desktop/FPGA_workspace/23_cde_emc_task_01/project_1/project_1.sdk/design_1_wrapper_hw_platform_0/system.hdf'.
19:36:30 INFO  : 'configparams force-mem-access 1' command is executed.
19:36:30 INFO  : Context for 'APU' is selected.
19:36:30 INFO  : 'stop' command is executed.
19:36:31 INFO  : 'ps7_init' command is executed.
19:36:31 INFO  : 'ps7_post_config' command is executed.
19:36:31 INFO  : Context for processor 'ps7_cortexa9_0' is selected.
19:36:31 INFO  : Processor reset is completed for 'ps7_cortexa9_0'.
19:36:31 INFO  : Context for processor 'ps7_cortexa9_0' is selected.
19:36:31 INFO  : The application 'C:/Users/space/Desktop/FPGA_workspace/23_cde_emc_task_01/project_1/project_1.sdk/hhh/Debug/hhh.elf' is downloaded to processor 'ps7_cortexa9_0'.
19:36:31 INFO  : 'configparams force-mem-access 0' command is executed.
19:36:31 INFO  : ----------------XSDB Script----------------
connect -url tcp:127.0.0.1:3121
source C:/Users/space/Desktop/FPGA_workspace/23_cde_emc_task_01/project_1/project_1.sdk/design_1_wrapper_hw_platform_0/ps7_init.tcl
targets -set -nocase -filter {name =~"APU*" && jtag_cable_name =~ "Digilent JTAG-HS1 210512180081"} -index 0
loadhw -hw C:/Users/space/Desktop/FPGA_workspace/23_cde_emc_task_01/project_1/project_1.sdk/design_1_wrapper_hw_platform_0/system.hdf -mem-ranges [list {0x40000000 0xbfffffff}]
configparams force-mem-access 1
targets -set -nocase -filter {name =~"APU*" && jtag_cable_name =~ "Digilent JTAG-HS1 210512180081"} -index 0
stop
ps7_init
ps7_post_config
targets -set -nocase -filter {name =~ "ARM*#0" && jtag_cable_name =~ "Digilent JTAG-HS1 210512180081"} -index 0
rst -processor
targets -set -nocase -filter {name =~ "ARM*#0" && jtag_cable_name =~ "Digilent JTAG-HS1 210512180081"} -index 0
dow C:/Users/space/Desktop/FPGA_workspace/23_cde_emc_task_01/project_1/project_1.sdk/hhh/Debug/hhh.elf
configparams force-mem-access 0
----------------End of Script----------------

19:36:31 INFO  : Memory regions updated for context APU
19:36:31 INFO  : Context for processor 'ps7_cortexa9_0' is selected.
19:36:31 INFO  : 'con' command is executed.
19:36:31 INFO  : ----------------XSDB Script (After Launch)----------------
targets -set -nocase -filter {name =~ "ARM*#0" && jtag_cable_name =~ "Digilent JTAG-HS1 210512180081"} -index 0
con
----------------End of Script----------------

19:36:31 INFO  : Launch script is exported to file 'C:\Users\space\Desktop\FPGA_workspace\23_cde_emc_task_01\project_1\project_1.sdk\.sdk\launch_scripts\xilinx_c-c++_application_(system_debugger)\system_debugger_using_debug_hhh.elf_on_local.tcl'
19:37:08 INFO  : Disconnected from the channel tcfchan#8.
19:37:09 INFO  : 'targets -set -filter {jtag_cable_name =~ "Digilent JTAG-HS1 210512180081" && level==0} -index 1' command is executed.
19:37:09 INFO  : 'fpga -state' command is executed.
19:37:09 INFO  : Connected to target on host '127.0.0.1' and port '3121'.
19:37:09 INFO  : Jtag cable 'Digilent JTAG-HS1 210512180081' is selected.
19:37:09 INFO  : 'jtag frequency' command is executed.
19:37:09 INFO  : Sourcing of 'C:/Users/space/Desktop/FPGA_workspace/23_cde_emc_task_01/project_1/project_1.sdk/design_1_wrapper_hw_platform_0/ps7_init.tcl' is done.
19:37:09 INFO  : Context for 'APU' is selected.
19:37:10 INFO  : Hardware design information is loaded from 'C:/Users/space/Desktop/FPGA_workspace/23_cde_emc_task_01/project_1/project_1.sdk/design_1_wrapper_hw_platform_0/system.hdf'.
19:37:10 INFO  : 'configparams force-mem-access 1' command is executed.
19:37:10 INFO  : Context for 'APU' is selected.
19:37:10 INFO  : 'stop' command is executed.
19:37:11 INFO  : 'ps7_init' command is executed.
19:37:11 INFO  : 'ps7_post_config' command is executed.
19:37:11 INFO  : Context for processor 'ps7_cortexa9_0' is selected.
19:37:11 INFO  : Processor reset is completed for 'ps7_cortexa9_0'.
19:37:11 INFO  : Context for processor 'ps7_cortexa9_0' is selected.
19:37:11 INFO  : The application 'C:/Users/space/Desktop/FPGA_workspace/23_cde_emc_task_01/project_1/project_1.sdk/hhh/Debug/hhh.elf' is downloaded to processor 'ps7_cortexa9_0'.
19:37:11 INFO  : 'configparams force-mem-access 0' command is executed.
19:37:11 INFO  : ----------------XSDB Script----------------
connect -url tcp:127.0.0.1:3121
source C:/Users/space/Desktop/FPGA_workspace/23_cde_emc_task_01/project_1/project_1.sdk/design_1_wrapper_hw_platform_0/ps7_init.tcl
targets -set -nocase -filter {name =~"APU*" && jtag_cable_name =~ "Digilent JTAG-HS1 210512180081"} -index 0
loadhw -hw C:/Users/space/Desktop/FPGA_workspace/23_cde_emc_task_01/project_1/project_1.sdk/design_1_wrapper_hw_platform_0/system.hdf -mem-ranges [list {0x40000000 0xbfffffff}]
configparams force-mem-access 1
targets -set -nocase -filter {name =~"APU*" && jtag_cable_name =~ "Digilent JTAG-HS1 210512180081"} -index 0
stop
ps7_init
ps7_post_config
targets -set -nocase -filter {name =~ "ARM*#0" && jtag_cable_name =~ "Digilent JTAG-HS1 210512180081"} -index 0
rst -processor
targets -set -nocase -filter {name =~ "ARM*#0" && jtag_cable_name =~ "Digilent JTAG-HS1 210512180081"} -index 0
dow C:/Users/space/Desktop/FPGA_workspace/23_cde_emc_task_01/project_1/project_1.sdk/hhh/Debug/hhh.elf
configparams force-mem-access 0
----------------End of Script----------------

19:37:11 INFO  : Memory regions updated for context APU
19:37:11 INFO  : Context for processor 'ps7_cortexa9_0' is selected.
19:37:11 INFO  : 'con' command is executed.
19:37:11 INFO  : ----------------XSDB Script (After Launch)----------------
targets -set -nocase -filter {name =~ "ARM*#0" && jtag_cable_name =~ "Digilent JTAG-HS1 210512180081"} -index 0
con
----------------End of Script----------------

19:37:11 INFO  : Launch script is exported to file 'C:\Users\space\Desktop\FPGA_workspace\23_cde_emc_task_01\project_1\project_1.sdk\.sdk\launch_scripts\xilinx_c-c++_application_(system_debugger)\system_debugger_using_debug_hhh.elf_on_local.tcl'
19:38:16 INFO  : Disconnected from the channel tcfchan#9.
19:38:17 INFO  : 'targets -set -filter {jtag_cable_name =~ "Digilent JTAG-HS1 210512180081" && level==0} -index 1' command is executed.
19:38:17 INFO  : 'fpga -state' command is executed.
19:38:17 INFO  : Connected to target on host '127.0.0.1' and port '3121'.
19:38:17 INFO  : Jtag cable 'Digilent JTAG-HS1 210512180081' is selected.
19:38:17 INFO  : 'jtag frequency' command is executed.
19:38:17 INFO  : Sourcing of 'C:/Users/space/Desktop/FPGA_workspace/23_cde_emc_task_01/project_1/project_1.sdk/design_1_wrapper_hw_platform_0/ps7_init.tcl' is done.
19:38:17 INFO  : Context for 'APU' is selected.
19:38:18 INFO  : Hardware design information is loaded from 'C:/Users/space/Desktop/FPGA_workspace/23_cde_emc_task_01/project_1/project_1.sdk/design_1_wrapper_hw_platform_0/system.hdf'.
19:38:18 INFO  : 'configparams force-mem-access 1' command is executed.
19:38:18 INFO  : Context for 'APU' is selected.
19:38:18 INFO  : 'stop' command is executed.
19:38:18 INFO  : 'ps7_init' command is executed.
19:38:18 INFO  : 'ps7_post_config' command is executed.
19:38:18 INFO  : Context for processor 'ps7_cortexa9_0' is selected.
19:38:18 INFO  : Processor reset is completed for 'ps7_cortexa9_0'.
19:38:18 INFO  : Context for processor 'ps7_cortexa9_0' is selected.
19:38:19 INFO  : The application 'C:/Users/space/Desktop/FPGA_workspace/23_cde_emc_task_01/project_1/project_1.sdk/hhh/Debug/hhh.elf' is downloaded to processor 'ps7_cortexa9_0'.
19:38:19 INFO  : 'configparams force-mem-access 0' command is executed.
19:38:19 INFO  : ----------------XSDB Script----------------
connect -url tcp:127.0.0.1:3121
source C:/Users/space/Desktop/FPGA_workspace/23_cde_emc_task_01/project_1/project_1.sdk/design_1_wrapper_hw_platform_0/ps7_init.tcl
targets -set -nocase -filter {name =~"APU*" && jtag_cable_name =~ "Digilent JTAG-HS1 210512180081"} -index 0
loadhw -hw C:/Users/space/Desktop/FPGA_workspace/23_cde_emc_task_01/project_1/project_1.sdk/design_1_wrapper_hw_platform_0/system.hdf -mem-ranges [list {0x40000000 0xbfffffff}]
configparams force-mem-access 1
targets -set -nocase -filter {name =~"APU*" && jtag_cable_name =~ "Digilent JTAG-HS1 210512180081"} -index 0
stop
ps7_init
ps7_post_config
targets -set -nocase -filter {name =~ "ARM*#0" && jtag_cable_name =~ "Digilent JTAG-HS1 210512180081"} -index 0
rst -processor
targets -set -nocase -filter {name =~ "ARM*#0" && jtag_cable_name =~ "Digilent JTAG-HS1 210512180081"} -index 0
dow C:/Users/space/Desktop/FPGA_workspace/23_cde_emc_task_01/project_1/project_1.sdk/hhh/Debug/hhh.elf
configparams force-mem-access 0
----------------End of Script----------------

19:38:19 INFO  : Memory regions updated for context APU
19:38:19 INFO  : Context for processor 'ps7_cortexa9_0' is selected.
19:38:19 INFO  : 'con' command is executed.
19:38:19 INFO  : ----------------XSDB Script (After Launch)----------------
targets -set -nocase -filter {name =~ "ARM*#0" && jtag_cable_name =~ "Digilent JTAG-HS1 210512180081"} -index 0
con
----------------End of Script----------------

19:38:19 INFO  : Launch script is exported to file 'C:\Users\space\Desktop\FPGA_workspace\23_cde_emc_task_01\project_1\project_1.sdk\.sdk\launch_scripts\xilinx_c-c++_application_(system_debugger)\system_debugger_using_debug_hhh.elf_on_local.tcl'
19:39:06 INFO  : Disconnected from the channel tcfchan#10.
19:39:07 INFO  : 'targets -set -filter {jtag_cable_name =~ "Digilent JTAG-HS1 210512180081" && level==0} -index 1' command is executed.
19:39:07 INFO  : 'fpga -state' command is executed.
19:39:07 INFO  : Connected to target on host '127.0.0.1' and port '3121'.
19:39:07 INFO  : Jtag cable 'Digilent JTAG-HS1 210512180081' is selected.
19:39:07 INFO  : 'jtag frequency' command is executed.
19:39:07 INFO  : Sourcing of 'C:/Users/space/Desktop/FPGA_workspace/23_cde_emc_task_01/project_1/project_1.sdk/design_1_wrapper_hw_platform_0/ps7_init.tcl' is done.
19:39:07 INFO  : Context for 'APU' is selected.
19:39:08 INFO  : Hardware design information is loaded from 'C:/Users/space/Desktop/FPGA_workspace/23_cde_emc_task_01/project_1/project_1.sdk/design_1_wrapper_hw_platform_0/system.hdf'.
19:39:08 INFO  : 'configparams force-mem-access 1' command is executed.
19:39:08 INFO  : Context for 'APU' is selected.
19:39:08 INFO  : 'stop' command is executed.
19:39:08 INFO  : 'ps7_init' command is executed.
19:39:08 INFO  : 'ps7_post_config' command is executed.
19:39:08 INFO  : Context for processor 'ps7_cortexa9_0' is selected.
19:39:08 INFO  : Processor reset is completed for 'ps7_cortexa9_0'.
19:39:08 INFO  : Context for processor 'ps7_cortexa9_0' is selected.
19:39:09 INFO  : The application 'C:/Users/space/Desktop/FPGA_workspace/23_cde_emc_task_01/project_1/project_1.sdk/hhh/Debug/hhh.elf' is downloaded to processor 'ps7_cortexa9_0'.
19:39:09 INFO  : 'configparams force-mem-access 0' command is executed.
19:39:09 INFO  : ----------------XSDB Script----------------
connect -url tcp:127.0.0.1:3121
source C:/Users/space/Desktop/FPGA_workspace/23_cde_emc_task_01/project_1/project_1.sdk/design_1_wrapper_hw_platform_0/ps7_init.tcl
targets -set -nocase -filter {name =~"APU*" && jtag_cable_name =~ "Digilent JTAG-HS1 210512180081"} -index 0
loadhw -hw C:/Users/space/Desktop/FPGA_workspace/23_cde_emc_task_01/project_1/project_1.sdk/design_1_wrapper_hw_platform_0/system.hdf -mem-ranges [list {0x40000000 0xbfffffff}]
configparams force-mem-access 1
targets -set -nocase -filter {name =~"APU*" && jtag_cable_name =~ "Digilent JTAG-HS1 210512180081"} -index 0
stop
ps7_init
ps7_post_config
targets -set -nocase -filter {name =~ "ARM*#0" && jtag_cable_name =~ "Digilent JTAG-HS1 210512180081"} -index 0
rst -processor
targets -set -nocase -filter {name =~ "ARM*#0" && jtag_cable_name =~ "Digilent JTAG-HS1 210512180081"} -index 0
dow C:/Users/space/Desktop/FPGA_workspace/23_cde_emc_task_01/project_1/project_1.sdk/hhh/Debug/hhh.elf
configparams force-mem-access 0
----------------End of Script----------------

19:39:09 INFO  : Memory regions updated for context APU
19:39:09 INFO  : Context for processor 'ps7_cortexa9_0' is selected.
19:39:09 INFO  : 'con' command is executed.
19:39:09 INFO  : ----------------XSDB Script (After Launch)----------------
targets -set -nocase -filter {name =~ "ARM*#0" && jtag_cable_name =~ "Digilent JTAG-HS1 210512180081"} -index 0
con
----------------End of Script----------------

19:39:09 INFO  : Launch script is exported to file 'C:\Users\space\Desktop\FPGA_workspace\23_cde_emc_task_01\project_1\project_1.sdk\.sdk\launch_scripts\xilinx_c-c++_application_(system_debugger)\system_debugger_using_debug_hhh.elf_on_local.tcl'
19:39:49 INFO  : Disconnected from the channel tcfchan#11.
19:39:50 INFO  : 'targets -set -filter {jtag_cable_name =~ "Digilent JTAG-HS1 210512180081" && level==0} -index 1' command is executed.
19:39:50 INFO  : 'fpga -state' command is executed.
19:39:50 INFO  : Connected to target on host '127.0.0.1' and port '3121'.
19:39:51 INFO  : Jtag cable 'Digilent JTAG-HS1 210512180081' is selected.
19:39:51 INFO  : 'jtag frequency' command is executed.
19:39:51 INFO  : Sourcing of 'C:/Users/space/Desktop/FPGA_workspace/23_cde_emc_task_01/project_1/project_1.sdk/design_1_wrapper_hw_platform_0/ps7_init.tcl' is done.
19:39:51 INFO  : Context for 'APU' is selected.
19:39:52 INFO  : Hardware design information is loaded from 'C:/Users/space/Desktop/FPGA_workspace/23_cde_emc_task_01/project_1/project_1.sdk/design_1_wrapper_hw_platform_0/system.hdf'.
19:39:52 INFO  : 'configparams force-mem-access 1' command is executed.
19:39:52 INFO  : Context for 'APU' is selected.
19:39:52 INFO  : 'stop' command is executed.
19:39:52 INFO  : 'ps7_init' command is executed.
19:39:52 INFO  : 'ps7_post_config' command is executed.
19:39:52 INFO  : Context for processor 'ps7_cortexa9_0' is selected.
19:39:52 INFO  : Processor reset is completed for 'ps7_cortexa9_0'.
19:39:52 INFO  : Context for processor 'ps7_cortexa9_0' is selected.
19:39:52 INFO  : The application 'C:/Users/space/Desktop/FPGA_workspace/23_cde_emc_task_01/project_1/project_1.sdk/hhh/Debug/hhh.elf' is downloaded to processor 'ps7_cortexa9_0'.
19:39:52 INFO  : 'configparams force-mem-access 0' command is executed.
19:39:52 INFO  : ----------------XSDB Script----------------
connect -url tcp:127.0.0.1:3121
source C:/Users/space/Desktop/FPGA_workspace/23_cde_emc_task_01/project_1/project_1.sdk/design_1_wrapper_hw_platform_0/ps7_init.tcl
targets -set -nocase -filter {name =~"APU*" && jtag_cable_name =~ "Digilent JTAG-HS1 210512180081"} -index 0
loadhw -hw C:/Users/space/Desktop/FPGA_workspace/23_cde_emc_task_01/project_1/project_1.sdk/design_1_wrapper_hw_platform_0/system.hdf -mem-ranges [list {0x40000000 0xbfffffff}]
configparams force-mem-access 1
targets -set -nocase -filter {name =~"APU*" && jtag_cable_name =~ "Digilent JTAG-HS1 210512180081"} -index 0
stop
ps7_init
ps7_post_config
targets -set -nocase -filter {name =~ "ARM*#0" && jtag_cable_name =~ "Digilent JTAG-HS1 210512180081"} -index 0
rst -processor
targets -set -nocase -filter {name =~ "ARM*#0" && jtag_cable_name =~ "Digilent JTAG-HS1 210512180081"} -index 0
dow C:/Users/space/Desktop/FPGA_workspace/23_cde_emc_task_01/project_1/project_1.sdk/hhh/Debug/hhh.elf
configparams force-mem-access 0
----------------End of Script----------------

19:39:52 INFO  : Memory regions updated for context APU
19:39:52 INFO  : Context for processor 'ps7_cortexa9_0' is selected.
19:39:52 INFO  : 'con' command is executed.
19:39:52 INFO  : ----------------XSDB Script (After Launch)----------------
targets -set -nocase -filter {name =~ "ARM*#0" && jtag_cable_name =~ "Digilent JTAG-HS1 210512180081"} -index 0
con
----------------End of Script----------------

19:39:52 INFO  : Launch script is exported to file 'C:\Users\space\Desktop\FPGA_workspace\23_cde_emc_task_01\project_1\project_1.sdk\.sdk\launch_scripts\xilinx_c-c++_application_(system_debugger)\system_debugger_using_debug_hhh.elf_on_local.tcl'
19:41:45 INFO  : Disconnected from the channel tcfchan#12.
19:41:46 INFO  : 'targets -set -filter {jtag_cable_name =~ "Digilent JTAG-HS1 210512180081" && level==0} -index 1' command is executed.
19:41:46 INFO  : 'fpga -state' command is executed.
19:41:46 INFO  : Connected to target on host '127.0.0.1' and port '3121'.
19:41:47 INFO  : Jtag cable 'Digilent JTAG-HS1 210512180081' is selected.
19:41:47 INFO  : 'jtag frequency' command is executed.
19:41:47 INFO  : Sourcing of 'C:/Users/space/Desktop/FPGA_workspace/23_cde_emc_task_01/project_1/project_1.sdk/design_1_wrapper_hw_platform_0/ps7_init.tcl' is done.
19:41:47 INFO  : Context for 'APU' is selected.
19:41:47 INFO  : Hardware design information is loaded from 'C:/Users/space/Desktop/FPGA_workspace/23_cde_emc_task_01/project_1/project_1.sdk/design_1_wrapper_hw_platform_0/system.hdf'.
19:41:47 INFO  : 'configparams force-mem-access 1' command is executed.
19:41:48 INFO  : Context for 'APU' is selected.
19:41:48 INFO  : 'stop' command is executed.
19:41:48 INFO  : 'ps7_init' command is executed.
19:41:48 INFO  : 'ps7_post_config' command is executed.
19:41:48 INFO  : Context for processor 'ps7_cortexa9_0' is selected.
19:41:48 INFO  : Processor reset is completed for 'ps7_cortexa9_0'.
19:41:48 INFO  : Context for processor 'ps7_cortexa9_0' is selected.
19:41:48 INFO  : The application 'C:/Users/space/Desktop/FPGA_workspace/23_cde_emc_task_01/project_1/project_1.sdk/hhh/Debug/hhh.elf' is downloaded to processor 'ps7_cortexa9_0'.
19:41:48 INFO  : 'configparams force-mem-access 0' command is executed.
19:41:48 INFO  : ----------------XSDB Script----------------
connect -url tcp:127.0.0.1:3121
source C:/Users/space/Desktop/FPGA_workspace/23_cde_emc_task_01/project_1/project_1.sdk/design_1_wrapper_hw_platform_0/ps7_init.tcl
targets -set -nocase -filter {name =~"APU*" && jtag_cable_name =~ "Digilent JTAG-HS1 210512180081"} -index 0
loadhw -hw C:/Users/space/Desktop/FPGA_workspace/23_cde_emc_task_01/project_1/project_1.sdk/design_1_wrapper_hw_platform_0/system.hdf -mem-ranges [list {0x40000000 0xbfffffff}]
configparams force-mem-access 1
targets -set -nocase -filter {name =~"APU*" && jtag_cable_name =~ "Digilent JTAG-HS1 210512180081"} -index 0
stop
ps7_init
ps7_post_config
targets -set -nocase -filter {name =~ "ARM*#0" && jtag_cable_name =~ "Digilent JTAG-HS1 210512180081"} -index 0
rst -processor
targets -set -nocase -filter {name =~ "ARM*#0" && jtag_cable_name =~ "Digilent JTAG-HS1 210512180081"} -index 0
dow C:/Users/space/Desktop/FPGA_workspace/23_cde_emc_task_01/project_1/project_1.sdk/hhh/Debug/hhh.elf
configparams force-mem-access 0
----------------End of Script----------------

19:41:48 INFO  : Memory regions updated for context APU
19:41:48 INFO  : Context for processor 'ps7_cortexa9_0' is selected.
19:41:48 INFO  : 'con' command is executed.
19:41:48 INFO  : ----------------XSDB Script (After Launch)----------------
targets -set -nocase -filter {name =~ "ARM*#0" && jtag_cable_name =~ "Digilent JTAG-HS1 210512180081"} -index 0
con
----------------End of Script----------------

19:41:48 INFO  : Launch script is exported to file 'C:\Users\space\Desktop\FPGA_workspace\23_cde_emc_task_01\project_1\project_1.sdk\.sdk\launch_scripts\xilinx_c-c++_application_(system_debugger)\system_debugger_using_debug_hhh.elf_on_local.tcl'
19:43:14 INFO  : Disconnected from the channel tcfchan#13.
19:43:15 INFO  : 'targets -set -filter {jtag_cable_name =~ "Digilent JTAG-HS1 210512180081" && level==0} -index 1' command is executed.
19:43:15 INFO  : 'fpga -state' command is executed.
19:43:15 INFO  : Connected to target on host '127.0.0.1' and port '3121'.
19:43:15 INFO  : Jtag cable 'Digilent JTAG-HS1 210512180081' is selected.
19:43:15 INFO  : 'jtag frequency' command is executed.
19:43:15 INFO  : Sourcing of 'C:/Users/space/Desktop/FPGA_workspace/23_cde_emc_task_01/project_1/project_1.sdk/design_1_wrapper_hw_platform_0/ps7_init.tcl' is done.
19:43:16 INFO  : Context for 'APU' is selected.
19:43:17 INFO  : Hardware design information is loaded from 'C:/Users/space/Desktop/FPGA_workspace/23_cde_emc_task_01/project_1/project_1.sdk/design_1_wrapper_hw_platform_0/system.hdf'.
19:43:17 INFO  : 'configparams force-mem-access 1' command is executed.
19:43:17 INFO  : Context for 'APU' is selected.
19:43:17 INFO  : 'stop' command is executed.
19:43:17 INFO  : 'ps7_init' command is executed.
19:43:17 INFO  : 'ps7_post_config' command is executed.
19:43:17 INFO  : Context for processor 'ps7_cortexa9_0' is selected.
19:43:17 INFO  : Processor reset is completed for 'ps7_cortexa9_0'.
19:43:17 INFO  : Context for processor 'ps7_cortexa9_0' is selected.
19:43:17 INFO  : The application 'C:/Users/space/Desktop/FPGA_workspace/23_cde_emc_task_01/project_1/project_1.sdk/hhh/Debug/hhh.elf' is downloaded to processor 'ps7_cortexa9_0'.
19:43:17 INFO  : 'configparams force-mem-access 0' command is executed.
19:43:17 INFO  : ----------------XSDB Script----------------
connect -url tcp:127.0.0.1:3121
source C:/Users/space/Desktop/FPGA_workspace/23_cde_emc_task_01/project_1/project_1.sdk/design_1_wrapper_hw_platform_0/ps7_init.tcl
targets -set -nocase -filter {name =~"APU*" && jtag_cable_name =~ "Digilent JTAG-HS1 210512180081"} -index 0
loadhw -hw C:/Users/space/Desktop/FPGA_workspace/23_cde_emc_task_01/project_1/project_1.sdk/design_1_wrapper_hw_platform_0/system.hdf -mem-ranges [list {0x40000000 0xbfffffff}]
configparams force-mem-access 1
targets -set -nocase -filter {name =~"APU*" && jtag_cable_name =~ "Digilent JTAG-HS1 210512180081"} -index 0
stop
ps7_init
ps7_post_config
targets -set -nocase -filter {name =~ "ARM*#0" && jtag_cable_name =~ "Digilent JTAG-HS1 210512180081"} -index 0
rst -processor
targets -set -nocase -filter {name =~ "ARM*#0" && jtag_cable_name =~ "Digilent JTAG-HS1 210512180081"} -index 0
dow C:/Users/space/Desktop/FPGA_workspace/23_cde_emc_task_01/project_1/project_1.sdk/hhh/Debug/hhh.elf
configparams force-mem-access 0
----------------End of Script----------------

19:43:17 INFO  : Memory regions updated for context APU
19:43:17 INFO  : Context for processor 'ps7_cortexa9_0' is selected.
19:43:17 INFO  : 'con' command is executed.
19:43:17 INFO  : ----------------XSDB Script (After Launch)----------------
targets -set -nocase -filter {name =~ "ARM*#0" && jtag_cable_name =~ "Digilent JTAG-HS1 210512180081"} -index 0
con
----------------End of Script----------------

19:43:17 INFO  : Launch script is exported to file 'C:\Users\space\Desktop\FPGA_workspace\23_cde_emc_task_01\project_1\project_1.sdk\.sdk\launch_scripts\xilinx_c-c++_application_(system_debugger)\system_debugger_using_debug_hhh.elf_on_local.tcl'
19:44:07 INFO  : Disconnected from the channel tcfchan#14.
19:44:08 INFO  : 'targets -set -filter {jtag_cable_name =~ "Digilent JTAG-HS1 210512180081" && level==0} -index 1' command is executed.
19:44:08 INFO  : 'fpga -state' command is executed.
19:44:08 INFO  : Connected to target on host '127.0.0.1' and port '3121'.
19:44:08 INFO  : Jtag cable 'Digilent JTAG-HS1 210512180081' is selected.
19:44:08 INFO  : 'jtag frequency' command is executed.
19:44:08 INFO  : Sourcing of 'C:/Users/space/Desktop/FPGA_workspace/23_cde_emc_task_01/project_1/project_1.sdk/design_1_wrapper_hw_platform_0/ps7_init.tcl' is done.
19:44:08 INFO  : Context for 'APU' is selected.
19:44:09 INFO  : Hardware design information is loaded from 'C:/Users/space/Desktop/FPGA_workspace/23_cde_emc_task_01/project_1/project_1.sdk/design_1_wrapper_hw_platform_0/system.hdf'.
19:44:09 INFO  : 'configparams force-mem-access 1' command is executed.
19:44:09 INFO  : Context for 'APU' is selected.
19:44:09 INFO  : 'stop' command is executed.
19:44:09 INFO  : 'ps7_init' command is executed.
19:44:09 INFO  : 'ps7_post_config' command is executed.
19:44:09 INFO  : Context for processor 'ps7_cortexa9_0' is selected.
19:44:09 INFO  : Processor reset is completed for 'ps7_cortexa9_0'.
19:44:09 INFO  : Context for processor 'ps7_cortexa9_0' is selected.
19:44:10 INFO  : The application 'C:/Users/space/Desktop/FPGA_workspace/23_cde_emc_task_01/project_1/project_1.sdk/hhh/Debug/hhh.elf' is downloaded to processor 'ps7_cortexa9_0'.
19:44:10 INFO  : 'configparams force-mem-access 0' command is executed.
19:44:10 INFO  : ----------------XSDB Script----------------
connect -url tcp:127.0.0.1:3121
source C:/Users/space/Desktop/FPGA_workspace/23_cde_emc_task_01/project_1/project_1.sdk/design_1_wrapper_hw_platform_0/ps7_init.tcl
targets -set -nocase -filter {name =~"APU*" && jtag_cable_name =~ "Digilent JTAG-HS1 210512180081"} -index 0
loadhw -hw C:/Users/space/Desktop/FPGA_workspace/23_cde_emc_task_01/project_1/project_1.sdk/design_1_wrapper_hw_platform_0/system.hdf -mem-ranges [list {0x40000000 0xbfffffff}]
configparams force-mem-access 1
targets -set -nocase -filter {name =~"APU*" && jtag_cable_name =~ "Digilent JTAG-HS1 210512180081"} -index 0
stop
ps7_init
ps7_post_config
targets -set -nocase -filter {name =~ "ARM*#0" && jtag_cable_name =~ "Digilent JTAG-HS1 210512180081"} -index 0
rst -processor
targets -set -nocase -filter {name =~ "ARM*#0" && jtag_cable_name =~ "Digilent JTAG-HS1 210512180081"} -index 0
dow C:/Users/space/Desktop/FPGA_workspace/23_cde_emc_task_01/project_1/project_1.sdk/hhh/Debug/hhh.elf
configparams force-mem-access 0
----------------End of Script----------------

19:44:10 INFO  : Memory regions updated for context APU
19:44:10 INFO  : Context for processor 'ps7_cortexa9_0' is selected.
19:44:10 INFO  : 'con' command is executed.
19:44:10 INFO  : ----------------XSDB Script (After Launch)----------------
targets -set -nocase -filter {name =~ "ARM*#0" && jtag_cable_name =~ "Digilent JTAG-HS1 210512180081"} -index 0
con
----------------End of Script----------------

19:44:10 INFO  : Launch script is exported to file 'C:\Users\space\Desktop\FPGA_workspace\23_cde_emc_task_01\project_1\project_1.sdk\.sdk\launch_scripts\xilinx_c-c++_application_(system_debugger)\system_debugger_using_debug_hhh.elf_on_local.tcl'
19:44:26 INFO  : Disconnected from the channel tcfchan#15.
